<?xml version="1.0" encoding="UTF-8" standalone="no"?>
<!DOCTYPE log SYSTEM "logger.dtd">
<log>
<record>
  <date>2018-09-06T14:08:19.229-0300</date>
  <logger>RAFAEL DANTAS SANTOS DE AZEVEDO</logger>
  <level>FINE</level>
  <message>File 117210382-RAFAEL DANTAS SANTOS DE AZEVEDO.zip was received. It was sent by RAFAEL DANTAS SANTOS DE AZEVEDO from IP 150.165.42.212</message>
</record>
</log>
<?xml version="1.0" encoding="UTF-8" standalone="no"?>
<!DOCTYPE log SYSTEM "logger.dtd">
<log>
<record>
  <date>2018-09-06T14:34:43.814-0300</date>
  <logger>RAFAEL DANTAS SANTOS DE AZEVEDO</logger>
  <level>FINE</level>
  <message>File 117210382-RAFAEL DANTAS SANTOS DE AZEVEDO.zip was received. It was sent by RAFAEL DANTAS SANTOS DE AZEVEDO from IP 150.165.42.212</message>
</record>
</log>
<?xml version="1.0" encoding="UTF-8" standalone="no"?>
<!DOCTYPE log SYSTEM "logger.dtd">
<log>
<record>
  <date>2018-09-06T15:50:51.173-0300</date>
  <logger>RAFAEL DANTAS SANTOS DE AZEVEDO</logger>
  <level>FINE</level>
  <message>File 117210382-RAFAEL DANTAS SANTOS DE AZEVEDO.zip was received. It was sent by RAFAEL DANTAS SANTOS DE AZEVEDO from IP 150.165.42.212</message>
</record>
