<?xml version="1.0" encoding="UTF-8" standalone="no"?>
<!DOCTYPE log SYSTEM "logger.dtd">
<log>
<record>
  <date>2018-09-10T16:08:47.673-0300</date>
  <logger>RAFAEL DANTAS SANTOS DE AZEVEDO</logger>
  <level>FINE</level>
  <message>File 117210382-RAFAEL DANTAS SANTOS DE AZEVEDO.zip was received. It was sent by RAFAEL DANTAS SANTOS DE AZEVEDO from IP 150.165.42.211</message>
</record>
</log>
<?xml version="1.0" encoding="UTF-8" standalone="no"?>
<!DOCTYPE log SYSTEM "logger.dtd">
<log>
<record>
  <date>2018-09-10T17:14:46.695-0300</date>
  <logger>RAFAEL DANTAS SANTOS DE AZEVEDO</logger>
  <level>FINE</level>
  <message>File 117210382-RAFAEL DANTAS SANTOS DE AZEVEDO.zip was received. It was sent by RAFAEL DANTAS SANTOS DE AZEVEDO from IP 150.165.42.211</message>
</record>
</log>
<?xml version="1.0" encoding="UTF-8" standalone="no"?>
<!DOCTYPE log SYSTEM "logger.dtd">
<log>
<record>
  <date>2018-09-10T17:15:24.316-0300</date>
  <logger>RAFAEL DANTAS SANTOS DE AZEVEDO</logger>
  <level>FINE</level>
  <message>File 117210382-RAFAEL DANTAS SANTOS DE AZEVEDO.zip was received. It was sent by RAFAEL DANTAS SANTOS DE AZEVEDO from IP 150.165.42.211</message>
</record>
</log>
<?xml version="1.0" encoding="UTF-8" standalone="no"?>
<!DOCTYPE log SYSTEM "logger.dtd">
<log>
<record>
  <date>2018-09-10T17:16:38.819-0300</date>
  <logger>RAFAEL DANTAS SANTOS DE AZEVEDO</logger>
  <level>FINE</level>
  <message>File 117210382-RAFAEL DANTAS SANTOS DE AZEVEDO.zip was received. It was sent by RAFAEL DANTAS SANTOS DE AZEVEDO from IP 150.165.42.211</message>
</record>
</log>
<?xml version="1.0" encoding="UTF-8" standalone="no"?>
<!DOCTYPE log SYSTEM "logger.dtd">
<log>
<record>
  <date>2018-09-10T17:17:21.683-0300</date>
  <logger>RAFAEL DANTAS SANTOS DE AZEVEDO</logger>
  <level>FINE</level>
  <message>File 117210382-RAFAEL DANTAS SANTOS DE AZEVEDO.zip was received. It was sent by RAFAEL DANTAS SANTOS DE AZEVEDO from IP 150.165.42.211</message>
</record>
</log>
<?xml version="1.0" encoding="UTF-8" standalone="no"?>
<!DOCTYPE log SYSTEM "logger.dtd">
<log>
<record>
  <date>2018-09-10T17:18:14.252-0300</date>
  <logger>RAFAEL DANTAS SANTOS DE AZEVEDO</logger>
  <level>FINE</level>
  <message>File 117210382-RAFAEL DANTAS SANTOS DE AZEVEDO.zip was received. It was sent by RAFAEL DANTAS SANTOS DE AZEVEDO from IP 150.165.42.211</message>
</record>
</log>
<?xml version="1.0" encoding="UTF-8" standalone="no"?>
<!DOCTYPE log SYSTEM "logger.dtd">
<log>
<record>
  <date>2018-09-10T17:19:07.994-0300</date>
  <logger>RAFAEL DANTAS SANTOS DE AZEVEDO</logger>
  <level>FINE</level>
  <message>File 117210382-RAFAEL DANTAS SANTOS DE AZEVEDO.zip was received. It was sent by RAFAEL DANTAS SANTOS DE AZEVEDO from IP 150.165.42.211</message>
</record>
</log>
<?xml version="1.0" encoding="UTF-8" standalone="no"?>
<!DOCTYPE log SYSTEM "logger.dtd">
<log>
<record>
  <date>2018-09-10T17:20:24.950-0300</date>
  <logger>RAFAEL DANTAS SANTOS DE AZEVEDO</logger>
  <level>FINE</level>
  <message>File 117210382-RAFAEL DANTAS SANTOS DE AZEVEDO.zip was received. It was sent by RAFAEL DANTAS SANTOS DE AZEVEDO from IP 150.165.42.211</message>
</record>
</log>
<?xml version="1.0" encoding="UTF-8" standalone="no"?>
<!DOCTYPE log SYSTEM "logger.dtd">
<log>
<record>
  <date>2018-09-10T17:21:07.517-0300</date>
  <logger>RAFAEL DANTAS SANTOS DE AZEVEDO</logger>
  <level>FINE</level>
  <message>File 117210382-RAFAEL DANTAS SANTOS DE AZEVEDO.zip was received. It was sent by RAFAEL DANTAS SANTOS DE AZEVEDO from IP 150.165.42.211</message>
</record>
</log>
<?xml version="1.0" encoding="UTF-8" standalone="no"?>
<!DOCTYPE log SYSTEM "logger.dtd">
<log>
<record>
  <date>2018-09-10T17:37:56.229-0300</date>
  <logger>RAFAEL DANTAS SANTOS DE AZEVEDO</logger>
  <level>FINE</level>
  <message>File 117210382-RAFAEL DANTAS SANTOS DE AZEVEDO.zip was received. It was sent by RAFAEL DANTAS SANTOS DE AZEVEDO from IP 150.165.42.211</message>
</record>
</log>
<?xml version="1.0" encoding="UTF-8" standalone="no"?>
<!DOCTYPE log SYSTEM "logger.dtd">
<log>
<record>
  <date>2018-09-10T17:53:42.732-0300</date>
  <logger>RAFAEL DANTAS SANTOS DE AZEVEDO</logger>
  <level>FINE</level>
  <message>File 117210382-RAFAEL DANTAS SANTOS DE AZEVEDO.zip was received. It was sent by RAFAEL DANTAS SANTOS DE AZEVEDO from IP 150.165.42.211</message>
</record>
</log>
<?xml version="1.0" encoding="UTF-8" standalone="no"?>
<!DOCTYPE log SYSTEM "logger.dtd">
<log>
<record>
  <date>2018-09-10T20:48:26.624-0300</date>
  <logger>RAFAEL DANTAS SANTOS DE AZEVEDO</logger>
  <level>FINE</level>
  <message>File 117210382-RAFAEL DANTAS SANTOS DE AZEVEDO.zip was received. It was sent by RAFAEL DANTAS SANTOS DE AZEVEDO from IP 192.168.0.105</message>
</record>
</log>
<?xml version="1.0" encoding="UTF-8" standalone="no"?>
<!DOCTYPE log SYSTEM "logger.dtd">
<log>
<record>
  <date>2018-09-10T20:49:36.684-0300</date>
  <logger>RAFAEL DANTAS SANTOS DE AZEVEDO</logger>
  <level>FINE</level>
  <message>File 117210382-RAFAEL DANTAS SANTOS DE AZEVEDO.zip was received. It was sent by RAFAEL DANTAS SANTOS DE AZEVEDO from IP 192.168.0.105</message>
</record>
</log>
<?xml version="1.0" encoding="UTF-8" standalone="no"?>
<!DOCTYPE log SYSTEM "logger.dtd">
<log>
<record>
  <date>2018-09-10T20:51:55.988-0300</date>
  <logger>RAFAEL DANTAS SANTOS DE AZEVEDO</logger>
  <level>FINE</level>
  <message>File 117210382-RAFAEL DANTAS SANTOS DE AZEVEDO.zip was received. It was sent by RAFAEL DANTAS SANTOS DE AZEVEDO from IP 192.168.0.105</message>
</record>
</log>
<?xml version="1.0" encoding="UTF-8" standalone="no"?>
<!DOCTYPE log SYSTEM "logger.dtd">
<log>
<record>
  <date>2018-09-10T20:53:01.942-0300</date>
  <logger>RAFAEL DANTAS SANTOS DE AZEVEDO</logger>
  <level>FINE</level>
  <message>File 117210382-RAFAEL DANTAS SANTOS DE AZEVEDO.zip was received. It was sent by RAFAEL DANTAS SANTOS DE AZEVEDO from IP 192.168.0.105</message>
</record>
</log>
<?xml version="1.0" encoding="UTF-8" standalone="no"?>
<!DOCTYPE log SYSTEM "logger.dtd">
<log>
<record>
  <date>2018-09-10T20:53:47.834-0300</date>
  <logger>RAFAEL DANTAS SANTOS DE AZEVEDO</logger>
  <level>FINE</level>
  <message>File 117210382-RAFAEL DANTAS SANTOS DE AZEVEDO.zip was received. It was sent by RAFAEL DANTAS SANTOS DE AZEVEDO from IP 192.168.0.105</message>
</record>
</log>
<?xml version="1.0" encoding="UTF-8" standalone="no"?>
<!DOCTYPE log SYSTEM "logger.dtd">
<log>
<record>
  <date>2018-09-10T21:02:14.745-0300</date>
  <logger>RAFAEL DANTAS SANTOS DE AZEVEDO</logger>
  <level>FINE</level>
  <message>File 117210382-RAFAEL DANTAS SANTOS DE AZEVEDO.zip was received. It was sent by RAFAEL DANTAS SANTOS DE AZEVEDO from IP 192.168.0.105</message>
</record>
</log>
<?xml version="1.0" encoding="UTF-8" standalone="no"?>
<!DOCTYPE log SYSTEM "logger.dtd">
<log>
<record>
  <date>2018-09-10T21:10:42.173-0300</date>
  <logger>RAFAEL DANTAS SANTOS DE AZEVEDO</logger>
  <level>FINE</level>
  <message>File 117210382-RAFAEL DANTAS SANTOS DE AZEVEDO.zip was received. It was sent by RAFAEL DANTAS SANTOS DE AZEVEDO from IP 192.168.0.105</message>
</record>
</log>
<?xml version="1.0" encoding="UTF-8" standalone="no"?>
<!DOCTYPE log SYSTEM "logger.dtd">
<log>
<record>
  <date>2018-09-10T21:21:28.588-0300</date>
  <logger>RAFAEL DANTAS SANTOS DE AZEVEDO</logger>
  <level>FINE</level>
  <message>File 117210382-RAFAEL DANTAS SANTOS DE AZEVEDO.zip was received. It was sent by RAFAEL DANTAS SANTOS DE AZEVEDO from IP 192.168.0.105</message>
</record>
</log>
<?xml version="1.0" encoding="UTF-8" standalone="no"?>
<!DOCTYPE log SYSTEM "logger.dtd">
<log>
<record>
  <date>2018-09-10T21:23:27.981-0300</date>
  <logger>RAFAEL DANTAS SANTOS DE AZEVEDO</logger>
  <level>FINE</level>
  <message>File 117210382-RAFAEL DANTAS SANTOS DE AZEVEDO.zip was received. It was sent by RAFAEL DANTAS SANTOS DE AZEVEDO from IP 192.168.0.105</message>
</record>
</log>
<?xml version="1.0" encoding="UTF-8" standalone="no"?>
<!DOCTYPE log SYSTEM "logger.dtd">
<log>
<record>
  <date>2018-09-10T21:32:34.573-0300</date>
  <logger>RAFAEL DANTAS SANTOS DE AZEVEDO</logger>
  <level>FINE</level>
  <message>File 117210382-RAFAEL DANTAS SANTOS DE AZEVEDO.zip was received. It was sent by RAFAEL DANTAS SANTOS DE AZEVEDO from IP 192.168.0.105</message>
</record>
</log>
<?xml version="1.0" encoding="UTF-8" standalone="no"?>
<!DOCTYPE log SYSTEM "logger.dtd">
<log>
<record>
  <date>2018-09-10T21:46:33.958-0300</date>
  <logger>RAFAEL DANTAS SANTOS DE AZEVEDO</logger>
  <level>FINE</level>
  <message>File 117210382-RAFAEL DANTAS SANTOS DE AZEVEDO.zip was received. It was sent by RAFAEL DANTAS SANTOS DE AZEVEDO from IP 192.168.0.105</message>
</record>
</log>
<?xml version="1.0" encoding="UTF-8" standalone="no"?>
<!DOCTYPE log SYSTEM "logger.dtd">
<log>
<record>
  <date>2018-09-10T21:47:01.568-0300</date>
  <logger>RAFAEL DANTAS SANTOS DE AZEVEDO</logger>
  <level>FINE</level>
  <message>File 117210382-RAFAEL DANTAS SANTOS DE AZEVEDO.zip was received. It was sent by RAFAEL DANTAS SANTOS DE AZEVEDO from IP 192.168.0.105</message>
</record>
</log>
<?xml version="1.0" encoding="UTF-8" standalone="no"?>
<!DOCTYPE log SYSTEM "logger.dtd">
<log>
<record>
  <date>2018-09-10T21:47:32.112-0300</date>
  <logger>RAFAEL DANTAS SANTOS DE AZEVEDO</logger>
  <level>FINE</level>
  <message>File 117210382-RAFAEL DANTAS SANTOS DE AZEVEDO.zip was received. It was sent by RAFAEL DANTAS SANTOS DE AZEVEDO from IP 192.168.0.105</message>
</record>
</log>
<?xml version="1.0" encoding="UTF-8" standalone="no"?>
<!DOCTYPE log SYSTEM "logger.dtd">
<log>
<record>
  <date>2018-09-10T21:47:49.485-0300</date>
  <logger>RAFAEL DANTAS SANTOS DE AZEVEDO</logger>
  <level>FINE</level>
  <message>File 117210382-RAFAEL DANTAS SANTOS DE AZEVEDO.zip was received. It was sent by RAFAEL DANTAS SANTOS DE AZEVEDO from IP 192.168.0.105</message>
</record>
</log>
<?xml version="1.0" encoding="UTF-8" standalone="no"?>
<!DOCTYPE log SYSTEM "logger.dtd">
<log>
<record>
  <date>2018-09-10T21:58:38.103-0300</date>
  <logger>RAFAEL DANTAS SANTOS DE AZEVEDO</logger>
  <level>FINE</level>
  <message>File 117210382-RAFAEL DANTAS SANTOS DE AZEVEDO.zip was received. It was sent by RAFAEL DANTAS SANTOS DE AZEVEDO from IP 192.168.0.105</message>
</record>
</log>
<?xml version="1.0" encoding="UTF-8" standalone="no"?>
<!DOCTYPE log SYSTEM "logger.dtd">
<log>
<record>
  <date>2018-09-10T22:02:35.459-0300</date>
  <logger>RAFAEL DANTAS SANTOS DE AZEVEDO</logger>
  <level>FINE</level>
  <message>File 117210382-RAFAEL DANTAS SANTOS DE AZEVEDO.zip was received. It was sent by RAFAEL DANTAS SANTOS DE AZEVEDO from IP 192.168.0.105</message>
</record>
</log>
<?xml version="1.0" encoding="UTF-8" standalone="no"?>
<!DOCTYPE log SYSTEM "logger.dtd">
<log>
<record>
  <date>2018-09-10T22:22:57.520-0300</date>
  <logger>RAFAEL DANTAS SANTOS DE AZEVEDO</logger>
  <level>FINE</level>
  <message>File 117210382-RAFAEL DANTAS SANTOS DE AZEVEDO.zip was received. It was sent by RAFAEL DANTAS SANTOS DE AZEVEDO from IP 192.168.0.105</message>
</record>
</log>
<?xml version="1.0" encoding="UTF-8" standalone="no"?>
<!DOCTYPE log SYSTEM "logger.dtd">
<log>
<record>
  <date>2018-09-10T22:28:44.458-0300</date>
  <logger>RAFAEL DANTAS SANTOS DE AZEVEDO</logger>
  <level>FINE</level>
  <message>File 117210382-RAFAEL DANTAS SANTOS DE AZEVEDO.zip was received. It was sent by RAFAEL DANTAS SANTOS DE AZEVEDO from IP 192.168.0.105</message>
</record>
</log>
<?xml version="1.0" encoding="UTF-8" standalone="no"?>
<!DOCTYPE log SYSTEM "logger.dtd">
<log>
<record>
  <date>2018-09-10T22:30:32.734-0300</date>
  <logger>RAFAEL DANTAS SANTOS DE AZEVEDO</logger>
  <level>FINE</level>
  <message>File 117210382-RAFAEL DANTAS SANTOS DE AZEVEDO.zip was received. It was sent by RAFAEL DANTAS SANTOS DE AZEVEDO from IP 192.168.0.105</message>
</record>
</log>
<?xml version="1.0" encoding="UTF-8" standalone="no"?>
<!DOCTYPE log SYSTEM "logger.dtd">
<log>
<record>
  <date>2018-09-10T22:34:10.483-0300</date>
  <logger>RAFAEL DANTAS SANTOS DE AZEVEDO</logger>
  <level>FINE</level>
  <message>File 117210382-RAFAEL DANTAS SANTOS DE AZEVEDO.zip was received. It was sent by RAFAEL DANTAS SANTOS DE AZEVEDO from IP 192.168.0.105</message>
</record>
</log>
<?xml version="1.0" encoding="UTF-8" standalone="no"?>
<!DOCTYPE log SYSTEM "logger.dtd">
<log>
<record>
  <date>2018-09-10T22:37:51.009-0300</date>
  <logger>RAFAEL DANTAS SANTOS DE AZEVEDO</logger>
  <level>FINE</level>
  <message>File 117210382-RAFAEL DANTAS SANTOS DE AZEVEDO.zip was received. It was sent by RAFAEL DANTAS SANTOS DE AZEVEDO from IP 192.168.0.105</message>
</record>
</log>
<?xml version="1.0" encoding="UTF-8" standalone="no"?>
<!DOCTYPE log SYSTEM "logger.dtd">
<log>
<record>
  <date>2018-09-10T22:37:52.157-0300</date>
  <logger>RAFAEL DANTAS SANTOS DE AZEVEDO</logger>
  <level>FINE</level>
  <message>File 117210382-RAFAEL DANTAS SANTOS DE AZEVEDO.zip was received. It was sent by RAFAEL DANTAS SANTOS DE AZEVEDO from IP 192.168.0.105</message>
</record>
</log>
<?xml version="1.0" encoding="UTF-8" standalone="no"?>
<!DOCTYPE log SYSTEM "logger.dtd">
<log>
<record>
  <date>2018-09-10T22:40:11.933-0300</date>
  <logger>RAFAEL DANTAS SANTOS DE AZEVEDO</logger>
  <level>FINE</level>
  <message>File 117210382-RAFAEL DANTAS SANTOS DE AZEVEDO.zip was received. It was sent by RAFAEL DANTAS SANTOS DE AZEVEDO from IP 192.168.0.105</message>
</record>
</log>
<?xml version="1.0" encoding="UTF-8" standalone="no"?>
<!DOCTYPE log SYSTEM "logger.dtd">
<log>
<record>
  <date>2018-09-10T22:40:42.933-0300</date>
  <logger>RAFAEL DANTAS SANTOS DE AZEVEDO</logger>
  <level>FINE</level>
  <message>File 117210382-RAFAEL DANTAS SANTOS DE AZEVEDO.zip was received. It was sent by RAFAEL DANTAS SANTOS DE AZEVEDO from IP 192.168.0.105</message>
</record>
</log>
<?xml version="1.0" encoding="UTF-8" standalone="no"?>
<!DOCTYPE log SYSTEM "logger.dtd">
<log>
<record>
  <date>2018-09-10T22:42:58.433-0300</date>
  <logger>RAFAEL DANTAS SANTOS DE AZEVEDO</logger>
  <level>FINE</level>
  <message>File 117210382-RAFAEL DANTAS SANTOS DE AZEVEDO.zip was received. It was sent by RAFAEL DANTAS SANTOS DE AZEVEDO from IP 192.168.0.105</message>
</record>
</log>
<?xml version="1.0" encoding="UTF-8" standalone="no"?>
<!DOCTYPE log SYSTEM "logger.dtd">
<log>
<record>
  <date>2018-09-10T22:44:15.328-0300</date>
  <logger>RAFAEL DANTAS SANTOS DE AZEVEDO</logger>
  <level>FINE</level>
  <message>File 117210382-RAFAEL DANTAS SANTOS DE AZEVEDO.zip was received. It was sent by RAFAEL DANTAS SANTOS DE AZEVEDO from IP 192.168.0.105</message>
</record>
</log>
<?xml version="1.0" encoding="UTF-8" standalone="no"?>
<!DOCTYPE log SYSTEM "logger.dtd">
<log>
<record>
  <date>2018-09-10T22:47:54.706-0300</date>
  <logger>RAFAEL DANTAS SANTOS DE AZEVEDO</logger>
  <level>FINE</level>
  <message>File 117210382-RAFAEL DANTAS SANTOS DE AZEVEDO.zip was received. It was sent by RAFAEL DANTAS SANTOS DE AZEVEDO from IP 192.168.0.105</message>
</record>
</log>
<?xml version="1.0" encoding="UTF-8" standalone="no"?>
<!DOCTYPE log SYSTEM "logger.dtd">
<log>
<record>
  <date>2018-09-10T22:48:13.605-0300</date>
  <logger>RAFAEL DANTAS SANTOS DE AZEVEDO</logger>
  <level>FINE</level>
  <message>File 117210382-RAFAEL DANTAS SANTOS DE AZEVEDO.zip was received. It was sent by RAFAEL DANTAS SANTOS DE AZEVEDO from IP 192.168.0.105</message>
</record>
</log>
<?xml version="1.0" encoding="UTF-8" standalone="no"?>
<!DOCTYPE log SYSTEM "logger.dtd">
<log>
<record>
  <date>2018-09-10T22:48:44.733-0300</date>
  <logger>RAFAEL DANTAS SANTOS DE AZEVEDO</logger>
  <level>FINE</level>
  <message>File 117210382-RAFAEL DANTAS SANTOS DE AZEVEDO.zip was received. It was sent by RAFAEL DANTAS SANTOS DE AZEVEDO from IP 192.168.0.105</message>
</record>
</log>
<?xml version="1.0" encoding="UTF-8" standalone="no"?>
<!DOCTYPE log SYSTEM "logger.dtd">
<log>
<record>
  <date>2018-09-10T22:49:18.939-0300</date>
  <logger>RAFAEL DANTAS SANTOS DE AZEVEDO</logger>
  <level>FINE</level>
  <message>File 117210382-RAFAEL DANTAS SANTOS DE AZEVEDO.zip was received. It was sent by RAFAEL DANTAS SANTOS DE AZEVEDO from IP 192.168.0.105</message>
</record>
</log>
<?xml version="1.0" encoding="UTF-8" standalone="no"?>
<!DOCTYPE log SYSTEM "logger.dtd">
<log>
<record>
  <date>2018-09-10T22:51:26.521-0300</date>
  <logger>RAFAEL DANTAS SANTOS DE AZEVEDO</logger>
  <level>FINE</level>
  <message>File 117210382-RAFAEL DANTAS SANTOS DE AZEVEDO.zip was received. It was sent by RAFAEL DANTAS SANTOS DE AZEVEDO from IP 192.168.0.105</message>
</record>
</log>
<?xml version="1.0" encoding="UTF-8" standalone="no"?>
<!DOCTYPE log SYSTEM "logger.dtd">
<log>
<record>
  <date>2018-09-10T22:53:21.634-0300</date>
  <logger>RAFAEL DANTAS SANTOS DE AZEVEDO</logger>
  <level>FINE</level>
  <message>File 117210382-RAFAEL DANTAS SANTOS DE AZEVEDO.zip was received. It was sent by RAFAEL DANTAS SANTOS DE AZEVEDO from IP 192.168.0.105</message>
</record>
</log>
<?xml version="1.0" encoding="UTF-8" standalone="no"?>
<!DOCTYPE log SYSTEM "logger.dtd">
<log>
<record>
  <date>2018-09-10T22:53:49.360-0300</date>
  <logger>RAFAEL DANTAS SANTOS DE AZEVEDO</logger>
  <level>FINE</level>
  <message>File 117210382-RAFAEL DANTAS SANTOS DE AZEVEDO.zip was received. It was sent by RAFAEL DANTAS SANTOS DE AZEVEDO from IP 192.168.0.105</message>
</record>
</log>
<?xml version="1.0" encoding="UTF-8" standalone="no"?>
<!DOCTYPE log SYSTEM "logger.dtd">
<log>
<record>
  <date>2018-09-10T22:54:09.259-0300</date>
  <logger>RAFAEL DANTAS SANTOS DE AZEVEDO</logger>
  <level>FINE</level>
  <message>File 117210382-RAFAEL DANTAS SANTOS DE AZEVEDO.zip was received. It was sent by RAFAEL DANTAS SANTOS DE AZEVEDO from IP 192.168.0.105</message>
</record>
</log>
<?xml version="1.0" encoding="UTF-8" standalone="no"?>
<!DOCTYPE log SYSTEM "logger.dtd">
<log>
<record>
  <date>2018-09-10T22:54:55.282-0300</date>
  <logger>RAFAEL DANTAS SANTOS DE AZEVEDO</logger>
  <level>FINE</level>
  <message>File 117210382-RAFAEL DANTAS SANTOS DE AZEVEDO.zip was received. It was sent by RAFAEL DANTAS SANTOS DE AZEVEDO from IP 192.168.0.105</message>
</record>
</log>
<?xml version="1.0" encoding="UTF-8" standalone="no"?>
<!DOCTYPE log SYSTEM "logger.dtd">
<log>
<record>
  <date>2018-09-10T22:56:34.700-0300</date>
  <logger>RAFAEL DANTAS SANTOS DE AZEVEDO</logger>
  <level>FINE</level>
  <message>File 117210382-RAFAEL DANTAS SANTOS DE AZEVEDO.zip was received. It was sent by RAFAEL DANTAS SANTOS DE AZEVEDO from IP 192.168.0.105</message>
</record>
</log>
<?xml version="1.0" encoding="UTF-8" standalone="no"?>
<!DOCTYPE log SYSTEM "logger.dtd">
<log>
<record>
  <date>2018-09-10T22:58:20.759-0300</date>
  <logger>RAFAEL DANTAS SANTOS DE AZEVEDO</logger>
  <level>FINE</level>
  <message>File 117210382-RAFAEL DANTAS SANTOS DE AZEVEDO.zip was received. It was sent by RAFAEL DANTAS SANTOS DE AZEVEDO from IP 192.168.0.105</message>
</record>
</log>
<?xml version="1.0" encoding="UTF-8" standalone="no"?>
<!DOCTYPE log SYSTEM "logger.dtd">
<log>
<record>
  <date>2018-09-10T23:00:31.029-0300</date>
  <logger>RAFAEL DANTAS SANTOS DE AZEVEDO</logger>
  <level>FINE</level>
  <message>File 117210382-RAFAEL DANTAS SANTOS DE AZEVEDO.zip was received. It was sent by RAFAEL DANTAS SANTOS DE AZEVEDO from IP 192.168.0.105</message>
</record>
</log>
<?xml version="1.0" encoding="UTF-8" standalone="no"?>
<!DOCTYPE log SYSTEM "logger.dtd">
<log>
<record>
  <date>2018-09-10T23:07:45.139-0300</date>
  <logger>RAFAEL DANTAS SANTOS DE AZEVEDO</logger>
  <level>FINE</level>
  <message>File 117210382-RAFAEL DANTAS SANTOS DE AZEVEDO.zip was received. It was sent by RAFAEL DANTAS SANTOS DE AZEVEDO from IP 192.168.0.105</message>
</record>
</log>
<?xml version="1.0" encoding="UTF-8" standalone="no"?>
<!DOCTYPE log SYSTEM "logger.dtd">
<log>
<record>
  <date>2018-09-10T23:13:49.013-0300</date>
  <logger>RAFAEL DANTAS SANTOS DE AZEVEDO</logger>
  <level>FINE</level>
  <message>File 117210382-RAFAEL DANTAS SANTOS DE AZEVEDO.zip was received. It was sent by RAFAEL DANTAS SANTOS DE AZEVEDO from IP 192.168.0.105</message>
</record>
</log>
<?xml version="1.0" encoding="UTF-8" standalone="no"?>
<!DOCTYPE log SYSTEM "logger.dtd">
<log>
<record>
  <date>2018-09-10T23:18:36.116-0300</date>
  <logger>RAFAEL DANTAS SANTOS DE AZEVEDO</logger>
  <level>FINE</level>
  <message>File 117210382-RAFAEL DANTAS SANTOS DE AZEVEDO.zip was received. It was sent by RAFAEL DANTAS SANTOS DE AZEVEDO from IP 192.168.0.105</message>
</record>
</log>
<?xml version="1.0" encoding="UTF-8" standalone="no"?>
<!DOCTYPE log SYSTEM "logger.dtd">
<log>
<record>
  <date>2018-09-10T23:19:56.754-0300</date>
  <logger>RAFAEL DANTAS SANTOS DE AZEVEDO</logger>
  <level>FINE</level>
  <message>File 117210382-RAFAEL DANTAS SANTOS DE AZEVEDO.zip was received. It was sent by RAFAEL DANTAS SANTOS DE AZEVEDO from IP 192.168.0.105</message>
</record>
</log>
<?xml version="1.0" encoding="UTF-8" standalone="no"?>
<!DOCTYPE log SYSTEM "logger.dtd">
<log>
<record>
  <date>2018-09-10T23:21:43.766-0300</date>
  <logger>RAFAEL DANTAS SANTOS DE AZEVEDO</logger>
  <level>FINE</level>
  <message>File 117210382-RAFAEL DANTAS SANTOS DE AZEVEDO.zip was received. It was sent by RAFAEL DANTAS SANTOS DE AZEVEDO from IP 192.168.0.105</message>
</record>
</log>
<?xml version="1.0" encoding="UTF-8" standalone="no"?>
<!DOCTYPE log SYSTEM "logger.dtd">
<log>
<record>
  <date>2018-09-10T23:23:17.105-0300</date>
  <logger>RAFAEL DANTAS SANTOS DE AZEVEDO</logger>
  <level>FINE</level>
  <message>File 117210382-RAFAEL DANTAS SANTOS DE AZEVEDO.zip was received. It was sent by RAFAEL DANTAS SANTOS DE AZEVEDO from IP 192.168.0.105</message>
</record>
</log>
<?xml version="1.0" encoding="UTF-8" standalone="no"?>
<!DOCTYPE log SYSTEM "logger.dtd">
<log>
<record>
  <date>2018-09-10T23:24:29.948-0300</date>
  <logger>RAFAEL DANTAS SANTOS DE AZEVEDO</logger>
  <level>FINE</level>
  <message>File 117210382-RAFAEL DANTAS SANTOS DE AZEVEDO.zip was received. It was sent by RAFAEL DANTAS SANTOS DE AZEVEDO from IP 192.168.0.105</message>
</record>
</log>
<?xml version="1.0" encoding="UTF-8" standalone="no"?>
<!DOCTYPE log SYSTEM "logger.dtd">
<log>
<record>
  <date>2018-09-10T23:25:59.279-0300</date>
  <logger>RAFAEL DANTAS SANTOS DE AZEVEDO</logger>
  <level>FINE</level>
  <message>File 117210382-RAFAEL DANTAS SANTOS DE AZEVEDO.zip was received. It was sent by RAFAEL DANTAS SANTOS DE AZEVEDO from IP 192.168.0.105</message>
</record>
</log>
<?xml version="1.0" encoding="UTF-8" standalone="no"?>
<!DOCTYPE log SYSTEM "logger.dtd">
<log>
<record>
  <date>2018-09-10T23:26:56.741-0300</date>
  <logger>RAFAEL DANTAS SANTOS DE AZEVEDO</logger>
  <level>FINE</level>
  <message>File 117210382-RAFAEL DANTAS SANTOS DE AZEVEDO.zip was received. It was sent by RAFAEL DANTAS SANTOS DE AZEVEDO from IP 192.168.0.105</message>
</record>
</log>
<?xml version="1.0" encoding="UTF-8" standalone="no"?>
<!DOCTYPE log SYSTEM "logger.dtd">
<log>
<record>
  <date>2018-09-10T23:34:50.143-0300</date>
  <logger>RAFAEL DANTAS SANTOS DE AZEVEDO</logger>
  <level>FINE</level>
  <message>File 117210382-RAFAEL DANTAS SANTOS DE AZEVEDO.zip was received. It was sent by RAFAEL DANTAS SANTOS DE AZEVEDO from IP 192.168.0.105</message>
</record>
</log>
<?xml version="1.0" encoding="UTF-8" standalone="no"?>
<!DOCTYPE log SYSTEM "logger.dtd">
<log>
<record>
  <date>2018-09-10T23:44:32.634-0300</date>
  <logger>RAFAEL DANTAS SANTOS DE AZEVEDO</logger>
  <level>FINE</level>
  <message>File 117210382-RAFAEL DANTAS SANTOS DE AZEVEDO.zip was received. It was sent by RAFAEL DANTAS SANTOS DE AZEVEDO from IP 192.168.0.105</message>
</record>
</log>
<?xml version="1.0" encoding="UTF-8" standalone="no"?>
<!DOCTYPE log SYSTEM "logger.dtd">
<log>
<record>
  <date>2018-09-10T23:47:13.016-0300</date>
  <logger>RAFAEL DANTAS SANTOS DE AZEVEDO</logger>
  <level>FINE</level>
  <message>File 117210382-RAFAEL DANTAS SANTOS DE AZEVEDO.zip was received. It was sent by RAFAEL DANTAS SANTOS DE AZEVEDO from IP 192.168.0.105</message>
</record>
</log>
<?xml version="1.0" encoding="UTF-8" standalone="no"?>
<!DOCTYPE log SYSTEM "logger.dtd">
<log>
<record>
  <date>2018-09-10T23:48:33.062-0300</date>
  <logger>RAFAEL DANTAS SANTOS DE AZEVEDO</logger>
  <level>FINE</level>
  <message>File 117210382-RAFAEL DANTAS SANTOS DE AZEVEDO.zip was received. It was sent by RAFAEL DANTAS SANTOS DE AZEVEDO from IP 192.168.0.105</message>
</record>
</log>
<?xml version="1.0" encoding="UTF-8" standalone="no"?>
<!DOCTYPE log SYSTEM "logger.dtd">
<log>
<record>
  <date>2018-09-10T23:49:08.615-0300</date>
  <logger>RAFAEL DANTAS SANTOS DE AZEVEDO</logger>
  <level>FINE</level>
  <message>File 117210382-RAFAEL DANTAS SANTOS DE AZEVEDO.zip was received. It was sent by RAFAEL DANTAS SANTOS DE AZEVEDO from IP 192.168.0.105</message>
</record>
</log>
<?xml version="1.0" encoding="UTF-8" standalone="no"?>
<!DOCTYPE log SYSTEM "logger.dtd">
<log>
<record>
  <date>2018-09-10T23:50:31.313-0300</date>
  <logger>RAFAEL DANTAS SANTOS DE AZEVEDO</logger>
  <level>FINE</level>
  <message>File 117210382-RAFAEL DANTAS SANTOS DE AZEVEDO.zip was received. It was sent by RAFAEL DANTAS SANTOS DE AZEVEDO from IP 192.168.0.105</message>
</record>
</log>
<?xml version="1.0" encoding="UTF-8" standalone="no"?>
<!DOCTYPE log SYSTEM "logger.dtd">
<log>
<record>
  <date>2018-09-10T23:53:11.369-0300</date>
  <logger>RAFAEL DANTAS SANTOS DE AZEVEDO</logger>
  <level>FINE</level>
  <message>File 117210382-RAFAEL DANTAS SANTOS DE AZEVEDO.zip was received. It was sent by RAFAEL DANTAS SANTOS DE AZEVEDO from IP 192.168.0.105</message>
</record>
</log>
<?xml version="1.0" encoding="UTF-8" standalone="no"?>
<!DOCTYPE log SYSTEM "logger.dtd">
<log>
<record>
  <date>2018-09-10T23:58:30.751-0300</date>
  <logger>RAFAEL DANTAS SANTOS DE AZEVEDO</logger>
  <level>FINE</level>
  <message>File 117210382-RAFAEL DANTAS SANTOS DE AZEVEDO.zip was received. It was sent by RAFAEL DANTAS SANTOS DE AZEVEDO from IP 192.168.0.105</message>
</record>
</log>
<?xml version="1.0" encoding="UTF-8" standalone="no"?>
<!DOCTYPE log SYSTEM "logger.dtd">
<log>
<record>
  <date>2018-09-11T00:23:02.671-0300</date>
  <logger>RAFAEL DANTAS SANTOS DE AZEVEDO</logger>
  <level>FINE</level>
  <message>File 117210382-RAFAEL DANTAS SANTOS DE AZEVEDO.zip was received. It was sent by RAFAEL DANTAS SANTOS DE AZEVEDO from IP 192.168.0.105</message>
</record>
</log>
<?xml version="1.0" encoding="UTF-8" standalone="no"?>
<!DOCTYPE log SYSTEM "logger.dtd">
<log>
<record>
  <date>2018-09-11T00:23:45.134-0300</date>
  <logger>RAFAEL DANTAS SANTOS DE AZEVEDO</logger>
  <level>FINE</level>
  <message>File 117210382-RAFAEL DANTAS SANTOS DE AZEVEDO.zip was received. It was sent by RAFAEL DANTAS SANTOS DE AZEVEDO from IP 192.168.0.105</message>
</record>
