<?xml version="1.0" encoding="UTF-8" standalone="no"?>
<!DOCTYPE log SYSTEM "logger.dtd">
<log>
<record>
  <date>2018-10-15T16:04:24.460-0300</date>
  <logger>RAFAEL DANTAS SANTOS DE AZEVEDO</logger>
  <level>FINE</level>
  <message>File 117210382-RAFAEL DANTAS SANTOS DE AZEVEDO.zip was received. It was sent by RAFAEL DANTAS SANTOS DE AZEVEDO from IP 150.165.74.137</message>
</record>
</log>
<?xml version="1.0" encoding="UTF-8" standalone="no"?>
<!DOCTYPE log SYSTEM "logger.dtd">
<log>
<record>
  <date>2018-10-15T22:02:19.649-0300</date>
  <logger>RAFAEL DANTAS SANTOS DE AZEVEDO</logger>
  <level>FINE</level>
  <message>File 117210382-RAFAEL DANTAS SANTOS DE AZEVEDO.zip was received. It was sent by RAFAEL DANTAS SANTOS DE AZEVEDO from IP 192.168.0.105</message>
</record>
</log>
<?xml version="1.0" encoding="UTF-8" standalone="no"?>
<!DOCTYPE log SYSTEM "logger.dtd">
<log>
<record>
  <date>2018-10-15T22:07:04.695-0300</date>
  <logger>RAFAEL DANTAS SANTOS DE AZEVEDO</logger>
  <level>FINE</level>
  <message>File 117210382-RAFAEL DANTAS SANTOS DE AZEVEDO.zip was received. It was sent by RAFAEL DANTAS SANTOS DE AZEVEDO from IP 192.168.0.105</message>
</record>
</log>
<?xml version="1.0" encoding="UTF-8" standalone="no"?>
<!DOCTYPE log SYSTEM "logger.dtd">
<log>
<record>
  <date>2018-10-15T22:07:05.380-0300</date>
  <logger>RAFAEL DANTAS SANTOS DE AZEVEDO</logger>
  <level>FINE</level>
  <message>File 117210382-RAFAEL DANTAS SANTOS DE AZEVEDO.zip was received. It was sent by RAFAEL DANTAS SANTOS DE AZEVEDO from IP 192.168.0.105</message>
</record>
