<?xml version="1.0" encoding="UTF-8" standalone="no"?>
<!DOCTYPE log SYSTEM "logger.dtd">
<log>
<record>
  <date>2018-09-13T14:08:06.639-0300</date>
  <logger>RAFAEL DANTAS SANTOS DE AZEVEDO</logger>
  <level>FINE</level>
  <message>File 117210382-RAFAEL DANTAS SANTOS DE AZEVEDO.zip was received. It was sent by RAFAEL DANTAS SANTOS DE AZEVEDO from IP 150.165.42.211</message>
</record>
</log>
<?xml version="1.0" encoding="UTF-8" standalone="no"?>
<!DOCTYPE log SYSTEM "logger.dtd">
<log>
<record>
  <date>2018-09-13T14:57:04.328-0300</date>
  <logger>RAFAEL DANTAS SANTOS DE AZEVEDO</logger>
  <level>FINE</level>
  <message>File 117210382-RAFAEL DANTAS SANTOS DE AZEVEDO.zip was received. It was sent by RAFAEL DANTAS SANTOS DE AZEVEDO from IP 150.165.42.211</message>
</record>
</log>
<?xml version="1.0" encoding="UTF-8" standalone="no"?>
<!DOCTYPE log SYSTEM "logger.dtd">
<log>
<record>
  <date>2018-09-13T15:00:50.000-0300</date>
  <logger>RAFAEL DANTAS SANTOS DE AZEVEDO</logger>
  <level>FINE</level>
  <message>File 117210382-RAFAEL DANTAS SANTOS DE AZEVEDO.zip was received. It was sent by RAFAEL DANTAS SANTOS DE AZEVEDO from IP 150.165.42.211</message>
</record>
</log>
<?xml version="1.0" encoding="UTF-8" standalone="no"?>
<!DOCTYPE log SYSTEM "logger.dtd">
<log>
<record>
  <date>2018-09-13T15:04:05.919-0300</date>
  <logger>RAFAEL DANTAS SANTOS DE AZEVEDO</logger>
  <level>FINE</level>
  <message>File 117210382-RAFAEL DANTAS SANTOS DE AZEVEDO.zip was received. It was sent by RAFAEL DANTAS SANTOS DE AZEVEDO from IP 150.165.42.211</message>
</record>
