2018-09-06 14:02:48,621 [Worker-2: Loading available Gradle versions] INFO  c.g.t.t.d.PublishedGradleVersions - Gradle version information cache is out-of-date. Trying to update.
2018-09-06 14:05:28,433 [Worker-14: Update Maven projects configuration] INFO  o.e.m.c.i.p.ProjectConfigurationManager - Update started
2018-09-06 14:05:29,880 [Worker-14: Update Maven projects configuration] INFO  o.e.m.c.i.e.AbstractTransferListenerAdapter - Downloading http://150.165.85.29:8081/nexus/content/repositories/ufcg-leda/br/edu/ufcg/ccc/leda-chart-tool/1.0.0-SNAPSHOT/maven-metadata.xml
2018-09-06 14:05:29,897 [Worker-14: Update Maven projects configuration] INFO  o.e.m.c.i.e.AbstractTransferListenerAdapter - Downloaded http://150.165.85.29:8081/nexus/content/repositories/ufcg-leda/br/edu/ufcg/ccc/leda-chart-tool/1.0.0-SNAPSHOT/maven-metadata.xml
2018-09-06 14:05:29,920 [Worker-14: Update Maven projects configuration] INFO  o.e.m.c.i.e.AbstractTransferListenerAdapter - Downloading http://150.165.85.29:8081/nexus/content/repositories/ufcg-leda/br/edu/ufcg/ccc/leda-chart-tool/1.0.0-SNAPSHOT/leda-chart-tool-1.0.0-20180827.202530-5.jar
2018-09-06 14:05:29,957 [Worker-14: Update Maven projects configuration] INFO  o.e.m.c.i.e.AbstractTransferListenerAdapter - Downloaded http://150.165.85.29:8081/nexus/content/repositories/ufcg-leda/br/edu/ufcg/ccc/leda-chart-tool/1.0.0-SNAPSHOT/leda-chart-tool-1.0.0-20180827.202530-5.jar
2018-09-06 14:05:33,696 [Worker-14: Update Maven projects configuration] INFO  o.e.m.c.i.l.LifecycleMappingFactory - Using org.eclipse.m2e.jdt.JarLifecycleMapping lifecycle mapping for MavenProject: br.edu.ufcg.ccc:submission:1.0 @ /home/rafaeldsa/Roteiros/R01-01-Rot-SimpleSorting-Simultaneous-Bubble-environment/pom.xml.
2018-09-06 14:05:36,581 [Worker-14: Update Maven projects configuration] INFO  o.e.m.j.i.AbstractJavaProjectConfigurator - Adding source folder /R01-01-Rot-SimpleSorting-Simultaneous-Bubble-environment/src/main/java
2018-09-06 14:05:36,587 [Worker-14: Update Maven projects configuration] INFO  o.e.m.j.i.AbstractJavaProjectConfigurator - Adding source folder /R01-01-Rot-SimpleSorting-Simultaneous-Bubble-environment/src/test/java
2018-09-06 14:05:37,398 [Worker-2: Building workspace] WARN  o.e.m.c.i.embedder.EclipseLogger - Using platform encoding (UTF-8 actually) to copy filtered resources, i.e. build is platform dependent!
2018-09-06 14:05:37,433 [Worker-2: Building workspace] INFO  o.e.m.c.i.embedder.EclipseLogger - skip non existing resourceDirectory /home/rafaeldsa/Roteiros/R01-01-Rot-SimpleSorting-Simultaneous-Bubble-environment/src/main/resources
2018-09-06 14:05:37,446 [Worker-2: Building workspace] WARN  o.e.m.c.i.embedder.EclipseLogger - Using platform encoding (UTF-8 actually) to copy filtered resources, i.e. build is platform dependent!
2018-09-06 14:05:37,455 [Worker-2: Building workspace] INFO  o.e.m.c.i.embedder.EclipseLogger - skip non existing resourceDirectory /home/rafaeldsa/Roteiros/R01-01-Rot-SimpleSorting-Simultaneous-Bubble-environment/src/test/resources
2018-09-06 14:05:38,134 [Worker-14: Update Maven projects configuration] INFO  o.e.m.c.i.p.ProjectConfigurationManager - Update completed: 9 sec
2018-09-06 14:05:38,955 [Worker-14: Building workspace] WARN  o.e.m.c.i.embedder.EclipseLogger - Using platform encoding (UTF-8 actually) to copy filtered resources, i.e. build is platform dependent!
2018-09-06 14:05:38,960 [Worker-14: Building workspace] INFO  o.e.m.c.i.embedder.EclipseLogger - skip non existing resourceDirectory /home/rafaeldsa/Roteiros/R01-01-Rot-SimpleSorting-Simultaneous-Bubble-environment/src/main/resources
2018-09-06 14:05:38,963 [Worker-14: Building workspace] WARN  o.e.m.c.i.embedder.EclipseLogger - Using platform encoding (UTF-8 actually) to copy filtered resources, i.e. build is platform dependent!
2018-09-06 14:05:38,965 [Worker-14: Building workspace] INFO  o.e.m.c.i.embedder.EclipseLogger - skip non existing resourceDirectory /home/rafaeldsa/Roteiros/R01-01-Rot-SimpleSorting-Simultaneous-Bubble-environment/src/test/resources
2018-09-06 14:06:51,209 [Worker-17: Building workspace] INFO  o.e.m.c.i.l.LifecycleMappingFactory - Using org.eclipse.m2e.jdt.JarLifecycleMapping lifecycle mapping for MavenProject: br.edu.ufcg.ccc:submission:1.0 @ /home/rafaeldsa/Roteiros/R01-01-Rot-SimpleSorting-Simultaneous-Bubble-environment/pom.xml.
2018-09-06 14:06:52,166 [Worker-17: Building workspace] WARN  o.e.m.c.i.embedder.EclipseLogger - Using platform encoding (UTF-8 actually) to copy filtered resources, i.e. build is platform dependent!
2018-09-06 14:06:52,180 [Worker-17: Building workspace] INFO  o.e.m.c.i.embedder.EclipseLogger - skip non existing resourceDirectory /home/rafaeldsa/Roteiros/R01-01-Rot-SimpleSorting-Simultaneous-Bubble-environment/src/main/resources
2018-09-06 14:06:52,185 [Worker-17: Building workspace] WARN  o.e.m.c.i.embedder.EclipseLogger - Using platform encoding (UTF-8 actually) to copy filtered resources, i.e. build is platform dependent!
2018-09-06 14:06:52,192 [Worker-17: Building workspace] INFO  o.e.m.c.i.embedder.EclipseLogger - skip non existing resourceDirectory /home/rafaeldsa/Roteiros/R01-01-Rot-SimpleSorting-Simultaneous-Bubble-environment/src/test/resources
2018-09-06 14:07:02,139 [main] INFO  o.e.m2e.actions.ExecutePomAction - Creating new launch configuration
2018-09-06 14:07:12,468 [Worker-6: Launching R01-01-Rot-SimpleSorting-Simultaneous-Bubble-environment] INFO  o.e.m.i.launch.MavenLaunchDelegate - /home/rafaeldsa/Roteiros/R01-01-Rot-SimpleSorting-Simultaneous-Bubble-environment
2018-09-06 14:07:12,470 [Worker-6: Launching R01-01-Rot-SimpleSorting-Simultaneous-Bubble-environment] INFO  o.e.m.i.launch.MavenLaunchDelegate -  mvn -B -Dmaven.test.skip=true -DskipTests install
2018-09-06 14:08:34,077 [Worker-9: Building workspace] WARN  o.e.m.c.i.embedder.EclipseLogger - Using platform encoding (UTF-8 actually) to copy filtered resources, i.e. build is platform dependent!
2018-09-06 14:08:34,080 [Worker-9: Building workspace] INFO  o.e.m.c.i.embedder.EclipseLogger - skip non existing resourceDirectory /home/rafaeldsa/Roteiros/R01-01-Rot-SimpleSorting-Simultaneous-Bubble-environment/src/main/resources
2018-09-06 14:08:34,087 [Worker-9: Building workspace] WARN  o.e.m.c.i.embedder.EclipseLogger - Using platform encoding (UTF-8 actually) to copy filtered resources, i.e. build is platform dependent!
2018-09-06 14:08:34,090 [Worker-9: Building workspace] INFO  o.e.m.c.i.embedder.EclipseLogger - skip non existing resourceDirectory /home/rafaeldsa/Roteiros/R01-01-Rot-SimpleSorting-Simultaneous-Bubble-environment/src/test/resources
2018-09-06 14:24:47,892 [Worker-6: Building workspace] WARN  o.e.m.c.i.embedder.EclipseLogger - Using platform encoding (UTF-8 actually) to copy filtered resources, i.e. build is platform dependent!
2018-09-06 14:24:47,898 [Worker-6: Building workspace] INFO  o.e.m.c.i.embedder.EclipseLogger - skip non existing resourceDirectory /home/rafaeldsa/Roteiros/R01-01-Rot-SimpleSorting-Simultaneous-Bubble-environment/src/main/resources
2018-09-06 14:24:47,909 [Worker-6: Building workspace] WARN  o.e.m.c.i.embedder.EclipseLogger - Using platform encoding (UTF-8 actually) to copy filtered resources, i.e. build is platform dependent!
2018-09-06 14:24:47,913 [Worker-6: Building workspace] INFO  o.e.m.c.i.embedder.EclipseLogger - skip non existing resourceDirectory /home/rafaeldsa/Roteiros/R01-01-Rot-SimpleSorting-Simultaneous-Bubble-environment/src/test/resources
2018-09-06 14:26:00,615 [Worker-19: Building workspace] WARN  o.e.m.c.i.embedder.EclipseLogger - Using platform encoding (UTF-8 actually) to copy filtered resources, i.e. build is platform dependent!
2018-09-06 14:26:00,620 [Worker-19: Building workspace] INFO  o.e.m.c.i.embedder.EclipseLogger - skip non existing resourceDirectory /home/rafaeldsa/Roteiros/R01-01-Rot-SimpleSorting-Simultaneous-Bubble-environment/src/main/resources
2018-09-06 14:26:00,623 [Worker-19: Building workspace] WARN  o.e.m.c.i.embedder.EclipseLogger - Using platform encoding (UTF-8 actually) to copy filtered resources, i.e. build is platform dependent!
2018-09-06 14:26:00,626 [Worker-19: Building workspace] INFO  o.e.m.c.i.embedder.EclipseLogger - skip non existing resourceDirectory /home/rafaeldsa/Roteiros/R01-01-Rot-SimpleSorting-Simultaneous-Bubble-environment/src/test/resources
2018-09-06 14:26:41,689 [Worker-18: Building workspace] WARN  o.e.m.c.i.embedder.EclipseLogger - Using platform encoding (UTF-8 actually) to copy filtered resources, i.e. build is platform dependent!
2018-09-06 14:26:41,691 [Worker-18: Building workspace] INFO  o.e.m.c.i.embedder.EclipseLogger - skip non existing resourceDirectory /home/rafaeldsa/Roteiros/R01-01-Rot-SimpleSorting-Simultaneous-Bubble-environment/src/main/resources
2018-09-06 14:26:41,696 [Worker-18: Building workspace] WARN  o.e.m.c.i.embedder.EclipseLogger - Using platform encoding (UTF-8 actually) to copy filtered resources, i.e. build is platform dependent!
2018-09-06 14:26:41,701 [Worker-18: Building workspace] INFO  o.e.m.c.i.embedder.EclipseLogger - skip non existing resourceDirectory /home/rafaeldsa/Roteiros/R01-01-Rot-SimpleSorting-Simultaneous-Bubble-environment/src/test/resources
2018-09-06 14:26:53,006 [Worker-10: Building workspace] WARN  o.e.m.c.i.embedder.EclipseLogger - Using platform encoding (UTF-8 actually) to copy filtered resources, i.e. build is platform dependent!
2018-09-06 14:26:53,019 [Worker-10: Building workspace] INFO  o.e.m.c.i.embedder.EclipseLogger - skip non existing resourceDirectory /home/rafaeldsa/Roteiros/R01-01-Rot-SimpleSorting-Simultaneous-Bubble-environment/src/main/resources
2018-09-06 14:26:53,023 [Worker-10: Building workspace] WARN  o.e.m.c.i.embedder.EclipseLogger - Using platform encoding (UTF-8 actually) to copy filtered resources, i.e. build is platform dependent!
2018-09-06 14:26:53,026 [Worker-10: Building workspace] INFO  o.e.m.c.i.embedder.EclipseLogger - skip non existing resourceDirectory /home/rafaeldsa/Roteiros/R01-01-Rot-SimpleSorting-Simultaneous-Bubble-environment/src/test/resources
2018-09-06 14:29:03,255 [Worker-18: Building workspace] WARN  o.e.m.c.i.embedder.EclipseLogger - Using platform encoding (UTF-8 actually) to copy filtered resources, i.e. build is platform dependent!
2018-09-06 14:29:03,259 [Worker-18: Building workspace] INFO  o.e.m.c.i.embedder.EclipseLogger - skip non existing resourceDirectory /home/rafaeldsa/Roteiros/R01-01-Rot-SimpleSorting-Simultaneous-Bubble-environment/src/main/resources
2018-09-06 14:29:03,262 [Worker-18: Building workspace] WARN  o.e.m.c.i.embedder.EclipseLogger - Using platform encoding (UTF-8 actually) to copy filtered resources, i.e. build is platform dependent!
2018-09-06 14:29:03,265 [Worker-18: Building workspace] INFO  o.e.m.c.i.embedder.EclipseLogger - skip non existing resourceDirectory /home/rafaeldsa/Roteiros/R01-01-Rot-SimpleSorting-Simultaneous-Bubble-environment/src/test/resources
2018-09-06 14:29:26,079 [Worker-6: Building workspace] WARN  o.e.m.c.i.embedder.EclipseLogger - Using platform encoding (UTF-8 actually) to copy filtered resources, i.e. build is platform dependent!
2018-09-06 14:29:26,084 [Worker-6: Building workspace] INFO  o.e.m.c.i.embedder.EclipseLogger - skip non existing resourceDirectory /home/rafaeldsa/Roteiros/R01-01-Rot-SimpleSorting-Simultaneous-Bubble-environment/src/main/resources
2018-09-06 14:29:26,093 [Worker-6: Building workspace] WARN  o.e.m.c.i.embedder.EclipseLogger - Using platform encoding (UTF-8 actually) to copy filtered resources, i.e. build is platform dependent!
2018-09-06 14:29:26,099 [Worker-6: Building workspace] INFO  o.e.m.c.i.embedder.EclipseLogger - skip non existing resourceDirectory /home/rafaeldsa/Roteiros/R01-01-Rot-SimpleSorting-Simultaneous-Bubble-environment/src/test/resources
2018-09-06 14:29:30,659 [Worker-10: Building workspace] WARN  o.e.m.c.i.embedder.EclipseLogger - Using platform encoding (UTF-8 actually) to copy filtered resources, i.e. build is platform dependent!
2018-09-06 14:29:30,661 [Worker-10: Building workspace] INFO  o.e.m.c.i.embedder.EclipseLogger - skip non existing resourceDirectory /home/rafaeldsa/Roteiros/R01-01-Rot-SimpleSorting-Simultaneous-Bubble-environment/src/main/resources
2018-09-06 14:29:30,666 [Worker-10: Building workspace] WARN  o.e.m.c.i.embedder.EclipseLogger - Using platform encoding (UTF-8 actually) to copy filtered resources, i.e. build is platform dependent!
2018-09-06 14:29:30,668 [Worker-10: Building workspace] INFO  o.e.m.c.i.embedder.EclipseLogger - skip non existing resourceDirectory /home/rafaeldsa/Roteiros/R01-01-Rot-SimpleSorting-Simultaneous-Bubble-environment/src/test/resources
2018-09-06 14:31:38,034 [Worker-19: Building workspace] WARN  o.e.m.c.i.embedder.EclipseLogger - Using platform encoding (UTF-8 actually) to copy filtered resources, i.e. build is platform dependent!
2018-09-06 14:31:38,038 [Worker-19: Building workspace] INFO  o.e.m.c.i.embedder.EclipseLogger - skip non existing resourceDirectory /home/rafaeldsa/Roteiros/R01-01-Rot-SimpleSorting-Simultaneous-Bubble-environment/src/main/resources
2018-09-06 14:31:38,041 [Worker-19: Building workspace] WARN  o.e.m.c.i.embedder.EclipseLogger - Using platform encoding (UTF-8 actually) to copy filtered resources, i.e. build is platform dependent!
2018-09-06 14:31:38,044 [Worker-19: Building workspace] INFO  o.e.m.c.i.embedder.EclipseLogger - skip non existing resourceDirectory /home/rafaeldsa/Roteiros/R01-01-Rot-SimpleSorting-Simultaneous-Bubble-environment/src/test/resources
2018-09-06 14:33:21,040 [Worker-18: Building workspace] WARN  o.e.m.c.i.embedder.EclipseLogger - Using platform encoding (UTF-8 actually) to copy filtered resources, i.e. build is platform dependent!
2018-09-06 14:33:21,043 [Worker-18: Building workspace] INFO  o.e.m.c.i.embedder.EclipseLogger - skip non existing resourceDirectory /home/rafaeldsa/Roteiros/R01-01-Rot-SimpleSorting-Simultaneous-Bubble-environment/src/main/resources
2018-09-06 14:33:21,049 [Worker-18: Building workspace] WARN  o.e.m.c.i.embedder.EclipseLogger - Using platform encoding (UTF-8 actually) to copy filtered resources, i.e. build is platform dependent!
2018-09-06 14:33:21,052 [Worker-18: Building workspace] INFO  o.e.m.c.i.embedder.EclipseLogger - skip non existing resourceDirectory /home/rafaeldsa/Roteiros/R01-01-Rot-SimpleSorting-Simultaneous-Bubble-environment/src/test/resources
2018-09-06 14:34:18,639 [Worker-10: Launching R01-01-Rot-SimpleSorting-Simultaneous-Bubble-environment] INFO  o.e.m.i.launch.MavenLaunchDelegate - /home/rafaeldsa/Roteiros/R01-01-Rot-SimpleSorting-Simultaneous-Bubble-environment
2018-09-06 14:34:18,640 [Worker-10: Launching R01-01-Rot-SimpleSorting-Simultaneous-Bubble-environment] INFO  o.e.m.i.launch.MavenLaunchDelegate -  mvn -B -Dmaven.test.skip=true -DskipTests install
2018-09-06 14:34:47,320 [Worker-18: Building workspace] WARN  o.e.m.c.i.embedder.EclipseLogger - Using platform encoding (UTF-8 actually) to copy filtered resources, i.e. build is platform dependent!
2018-09-06 14:34:47,323 [Worker-18: Building workspace] INFO  o.e.m.c.i.embedder.EclipseLogger - skip non existing resourceDirectory /home/rafaeldsa/Roteiros/R01-01-Rot-SimpleSorting-Simultaneous-Bubble-environment/src/main/resources
2018-09-06 14:34:47,326 [Worker-18: Building workspace] WARN  o.e.m.c.i.embedder.EclipseLogger - Using platform encoding (UTF-8 actually) to copy filtered resources, i.e. build is platform dependent!
2018-09-06 14:34:47,333 [Worker-18: Building workspace] INFO  o.e.m.c.i.embedder.EclipseLogger - skip non existing resourceDirectory /home/rafaeldsa/Roteiros/R01-01-Rot-SimpleSorting-Simultaneous-Bubble-environment/src/test/resources
2018-09-06 14:34:48,421 [Worker-19: Building workspace] WARN  o.e.m.c.i.embedder.EclipseLogger - Using platform encoding (UTF-8 actually) to copy filtered resources, i.e. build is platform dependent!
2018-09-06 14:34:48,423 [Worker-19: Building workspace] INFO  o.e.m.c.i.embedder.EclipseLogger - skip non existing resourceDirectory /home/rafaeldsa/Roteiros/R01-01-Rot-SimpleSorting-Simultaneous-Bubble-environment/src/main/resources
2018-09-06 14:34:48,425 [Worker-19: Building workspace] WARN  o.e.m.c.i.embedder.EclipseLogger - Using platform encoding (UTF-8 actually) to copy filtered resources, i.e. build is platform dependent!
2018-09-06 14:34:48,427 [Worker-19: Building workspace] INFO  o.e.m.c.i.embedder.EclipseLogger - skip non existing resourceDirectory /home/rafaeldsa/Roteiros/R01-01-Rot-SimpleSorting-Simultaneous-Bubble-environment/src/test/resources
2018-09-06 14:35:14,295 [Worker-6: Building workspace] WARN  o.e.m.c.i.embedder.EclipseLogger - Using platform encoding (UTF-8 actually) to copy filtered resources, i.e. build is platform dependent!
2018-09-06 14:35:14,297 [Worker-6: Building workspace] INFO  o.e.m.c.i.embedder.EclipseLogger - skip non existing resourceDirectory /home/rafaeldsa/Roteiros/R01-01-Rot-SimpleSorting-Simultaneous-Bubble-environment/src/main/resources
2018-09-06 14:35:14,301 [Worker-6: Building workspace] WARN  o.e.m.c.i.embedder.EclipseLogger - Using platform encoding (UTF-8 actually) to copy filtered resources, i.e. build is platform dependent!
2018-09-06 14:35:14,303 [Worker-6: Building workspace] INFO  o.e.m.c.i.embedder.EclipseLogger - skip non existing resourceDirectory /home/rafaeldsa/Roteiros/R01-01-Rot-SimpleSorting-Simultaneous-Bubble-environment/src/test/resources
2018-09-06 14:35:27,156 [Worker-6: Building workspace] WARN  o.e.m.c.i.embedder.EclipseLogger - Using platform encoding (UTF-8 actually) to copy filtered resources, i.e. build is platform dependent!
2018-09-06 14:35:27,159 [Worker-6: Building workspace] INFO  o.e.m.c.i.embedder.EclipseLogger - skip non existing resourceDirectory /home/rafaeldsa/Roteiros/R01-01-Rot-SimpleSorting-Simultaneous-Bubble-environment/src/main/resources
2018-09-06 14:35:27,170 [Worker-6: Building workspace] WARN  o.e.m.c.i.embedder.EclipseLogger - Using platform encoding (UTF-8 actually) to copy filtered resources, i.e. build is platform dependent!
2018-09-06 14:35:27,176 [Worker-6: Building workspace] INFO  o.e.m.c.i.embedder.EclipseLogger - skip non existing resourceDirectory /home/rafaeldsa/Roteiros/R01-01-Rot-SimpleSorting-Simultaneous-Bubble-environment/src/test/resources
2018-09-06 14:36:34,231 [Worker-20: Building workspace] WARN  o.e.m.c.i.embedder.EclipseLogger - Using platform encoding (UTF-8 actually) to copy filtered resources, i.e. build is platform dependent!
2018-09-06 14:36:34,233 [Worker-20: Building workspace] INFO  o.e.m.c.i.embedder.EclipseLogger - skip non existing resourceDirectory /home/rafaeldsa/Roteiros/R01-01-Rot-SimpleSorting-Simultaneous-Bubble-environment/src/main/resources
2018-09-06 14:36:34,238 [Worker-20: Building workspace] WARN  o.e.m.c.i.embedder.EclipseLogger - Using platform encoding (UTF-8 actually) to copy filtered resources, i.e. build is platform dependent!
2018-09-06 14:36:34,240 [Worker-20: Building workspace] INFO  o.e.m.c.i.embedder.EclipseLogger - skip non existing resourceDirectory /home/rafaeldsa/Roteiros/R01-01-Rot-SimpleSorting-Simultaneous-Bubble-environment/src/test/resources
2018-09-06 14:37:02,497 [Worker-19: Building workspace] WARN  o.e.m.c.i.embedder.EclipseLogger - Using platform encoding (UTF-8 actually) to copy filtered resources, i.e. build is platform dependent!
2018-09-06 14:37:02,499 [Worker-19: Building workspace] INFO  o.e.m.c.i.embedder.EclipseLogger - skip non existing resourceDirectory /home/rafaeldsa/Roteiros/R01-01-Rot-SimpleSorting-Simultaneous-Bubble-environment/src/main/resources
2018-09-06 14:37:02,503 [Worker-19: Building workspace] WARN  o.e.m.c.i.embedder.EclipseLogger - Using platform encoding (UTF-8 actually) to copy filtered resources, i.e. build is platform dependent!
2018-09-06 14:37:02,505 [Worker-19: Building workspace] INFO  o.e.m.c.i.embedder.EclipseLogger - skip non existing resourceDirectory /home/rafaeldsa/Roteiros/R01-01-Rot-SimpleSorting-Simultaneous-Bubble-environment/src/test/resources
2018-09-06 14:38:28,122 [Worker-10: Building workspace] WARN  o.e.m.c.i.embedder.EclipseLogger - Using platform encoding (UTF-8 actually) to copy filtered resources, i.e. build is platform dependent!
2018-09-06 14:38:28,125 [Worker-10: Building workspace] INFO  o.e.m.c.i.embedder.EclipseLogger - skip non existing resourceDirectory /home/rafaeldsa/Roteiros/R01-01-Rot-SimpleSorting-Simultaneous-Bubble-environment/src/main/resources
2018-09-06 14:38:28,127 [Worker-10: Building workspace] WARN  o.e.m.c.i.embedder.EclipseLogger - Using platform encoding (UTF-8 actually) to copy filtered resources, i.e. build is platform dependent!
2018-09-06 14:38:28,129 [Worker-10: Building workspace] INFO  o.e.m.c.i.embedder.EclipseLogger - skip non existing resourceDirectory /home/rafaeldsa/Roteiros/R01-01-Rot-SimpleSorting-Simultaneous-Bubble-environment/src/test/resources
2018-09-06 14:39:02,225 [Worker-20: Building workspace] WARN  o.e.m.c.i.embedder.EclipseLogger - Using platform encoding (UTF-8 actually) to copy filtered resources, i.e. build is platform dependent!
2018-09-06 14:39:02,227 [Worker-20: Building workspace] INFO  o.e.m.c.i.embedder.EclipseLogger - skip non existing resourceDirectory /home/rafaeldsa/Roteiros/R01-01-Rot-SimpleSorting-Simultaneous-Bubble-environment/src/main/resources
2018-09-06 14:39:02,229 [Worker-20: Building workspace] WARN  o.e.m.c.i.embedder.EclipseLogger - Using platform encoding (UTF-8 actually) to copy filtered resources, i.e. build is platform dependent!
2018-09-06 14:39:02,234 [Worker-20: Building workspace] INFO  o.e.m.c.i.embedder.EclipseLogger - skip non existing resourceDirectory /home/rafaeldsa/Roteiros/R01-01-Rot-SimpleSorting-Simultaneous-Bubble-environment/src/test/resources
2018-09-06 14:43:37,827 [Worker-10: Building workspace] WARN  o.e.m.c.i.embedder.EclipseLogger - Using platform encoding (UTF-8 actually) to copy filtered resources, i.e. build is platform dependent!
2018-09-06 14:43:37,830 [Worker-10: Building workspace] INFO  o.e.m.c.i.embedder.EclipseLogger - skip non existing resourceDirectory /home/rafaeldsa/Roteiros/R01-01-Rot-SimpleSorting-Simultaneous-Bubble-environment/src/main/resources
2018-09-06 14:43:37,832 [Worker-10: Building workspace] WARN  o.e.m.c.i.embedder.EclipseLogger - Using platform encoding (UTF-8 actually) to copy filtered resources, i.e. build is platform dependent!
2018-09-06 14:43:37,837 [Worker-10: Building workspace] INFO  o.e.m.c.i.embedder.EclipseLogger - skip non existing resourceDirectory /home/rafaeldsa/Roteiros/R01-01-Rot-SimpleSorting-Simultaneous-Bubble-environment/src/test/resources
2018-09-06 14:45:43,038 [Worker-10: Building workspace] WARN  o.e.m.c.i.embedder.EclipseLogger - Using platform encoding (UTF-8 actually) to copy filtered resources, i.e. build is platform dependent!
2018-09-06 14:45:43,040 [Worker-10: Building workspace] INFO  o.e.m.c.i.embedder.EclipseLogger - skip non existing resourceDirectory /home/rafaeldsa/Roteiros/R01-01-Rot-SimpleSorting-Simultaneous-Bubble-environment/src/main/resources
2018-09-06 14:45:43,041 [Worker-10: Building workspace] WARN  o.e.m.c.i.embedder.EclipseLogger - Using platform encoding (UTF-8 actually) to copy filtered resources, i.e. build is platform dependent!
2018-09-06 14:45:43,043 [Worker-10: Building workspace] INFO  o.e.m.c.i.embedder.EclipseLogger - skip non existing resourceDirectory /home/rafaeldsa/Roteiros/R01-01-Rot-SimpleSorting-Simultaneous-Bubble-environment/src/test/resources
2018-09-06 14:46:27,524 [Worker-20: Launching StudentSortingTest] WARN  o.e.m.c.i.embedder.EclipseLogger - Using platform encoding (UTF-8 actually) to copy filtered resources, i.e. build is platform dependent!
2018-09-06 14:46:27,527 [Worker-20: Launching StudentSortingTest] INFO  o.e.m.c.i.embedder.EclipseLogger - skip non existing resourceDirectory /home/rafaeldsa/Roteiros/R01-01-Rot-SimpleSorting-Simultaneous-Bubble-environment/src/main/resources
2018-09-06 14:46:27,536 [Worker-20: Launching StudentSortingTest] WARN  o.e.m.c.i.embedder.EclipseLogger - Using platform encoding (UTF-8 actually) to copy filtered resources, i.e. build is platform dependent!
2018-09-06 14:46:27,538 [Worker-20: Launching StudentSortingTest] INFO  o.e.m.c.i.embedder.EclipseLogger - skip non existing resourceDirectory /home/rafaeldsa/Roteiros/R01-01-Rot-SimpleSorting-Simultaneous-Bubble-environment/src/test/resources
2018-09-06 14:46:54,337 [Worker-19: Building workspace] WARN  o.e.m.c.i.embedder.EclipseLogger - Using platform encoding (UTF-8 actually) to copy filtered resources, i.e. build is platform dependent!
2018-09-06 14:46:54,346 [Worker-19: Building workspace] INFO  o.e.m.c.i.embedder.EclipseLogger - skip non existing resourceDirectory /home/rafaeldsa/Roteiros/R01-01-Rot-SimpleSorting-Simultaneous-Bubble-environment/src/main/resources
2018-09-06 14:46:54,349 [Worker-19: Building workspace] WARN  o.e.m.c.i.embedder.EclipseLogger - Using platform encoding (UTF-8 actually) to copy filtered resources, i.e. build is platform dependent!
2018-09-06 14:46:54,358 [Worker-19: Building workspace] INFO  o.e.m.c.i.embedder.EclipseLogger - skip non existing resourceDirectory /home/rafaeldsa/Roteiros/R01-01-Rot-SimpleSorting-Simultaneous-Bubble-environment/src/test/resources
2018-09-06 14:49:54,478 [Worker-19: Building workspace] WARN  o.e.m.c.i.embedder.EclipseLogger - Using platform encoding (UTF-8 actually) to copy filtered resources, i.e. build is platform dependent!
2018-09-06 14:49:54,485 [Worker-19: Building workspace] INFO  o.e.m.c.i.embedder.EclipseLogger - skip non existing resourceDirectory /home/rafaeldsa/Roteiros/R01-01-Rot-SimpleSorting-Simultaneous-Bubble-environment/src/main/resources
2018-09-06 14:49:54,489 [Worker-19: Building workspace] WARN  o.e.m.c.i.embedder.EclipseLogger - Using platform encoding (UTF-8 actually) to copy filtered resources, i.e. build is platform dependent!
2018-09-06 14:49:54,494 [Worker-19: Building workspace] INFO  o.e.m.c.i.embedder.EclipseLogger - skip non existing resourceDirectory /home/rafaeldsa/Roteiros/R01-01-Rot-SimpleSorting-Simultaneous-Bubble-environment/src/test/resources
2018-09-06 14:50:06,977 [Worker-10: Building workspace] WARN  o.e.m.c.i.embedder.EclipseLogger - Using platform encoding (UTF-8 actually) to copy filtered resources, i.e. build is platform dependent!
2018-09-06 14:50:06,979 [Worker-10: Building workspace] INFO  o.e.m.c.i.embedder.EclipseLogger - skip non existing resourceDirectory /home/rafaeldsa/Roteiros/R01-01-Rot-SimpleSorting-Simultaneous-Bubble-environment/src/main/resources
2018-09-06 14:50:06,981 [Worker-10: Building workspace] WARN  o.e.m.c.i.embedder.EclipseLogger - Using platform encoding (UTF-8 actually) to copy filtered resources, i.e. build is platform dependent!
2018-09-06 14:50:06,988 [Worker-10: Building workspace] INFO  o.e.m.c.i.embedder.EclipseLogger - skip non existing resourceDirectory /home/rafaeldsa/Roteiros/R01-01-Rot-SimpleSorting-Simultaneous-Bubble-environment/src/test/resources
2018-09-06 14:50:12,139 [Worker-6: Building workspace] WARN  o.e.m.c.i.embedder.EclipseLogger - Using platform encoding (UTF-8 actually) to copy filtered resources, i.e. build is platform dependent!
2018-09-06 14:50:12,141 [Worker-6: Building workspace] INFO  o.e.m.c.i.embedder.EclipseLogger - skip non existing resourceDirectory /home/rafaeldsa/Roteiros/R01-01-Rot-SimpleSorting-Simultaneous-Bubble-environment/src/main/resources
2018-09-06 14:50:12,147 [Worker-6: Building workspace] WARN  o.e.m.c.i.embedder.EclipseLogger - Using platform encoding (UTF-8 actually) to copy filtered resources, i.e. build is platform dependent!
2018-09-06 14:50:12,158 [Worker-6: Building workspace] INFO  o.e.m.c.i.embedder.EclipseLogger - skip non existing resourceDirectory /home/rafaeldsa/Roteiros/R01-01-Rot-SimpleSorting-Simultaneous-Bubble-environment/src/test/resources
2018-09-06 14:50:30,934 [Worker-10: Building workspace] WARN  o.e.m.c.i.embedder.EclipseLogger - Using platform encoding (UTF-8 actually) to copy filtered resources, i.e. build is platform dependent!
2018-09-06 14:50:30,938 [Worker-10: Building workspace] INFO  o.e.m.c.i.embedder.EclipseLogger - skip non existing resourceDirectory /home/rafaeldsa/Roteiros/R01-01-Rot-SimpleSorting-Simultaneous-Bubble-environment/src/main/resources
2018-09-06 14:50:30,942 [Worker-10: Building workspace] WARN  o.e.m.c.i.embedder.EclipseLogger - Using platform encoding (UTF-8 actually) to copy filtered resources, i.e. build is platform dependent!
2018-09-06 14:50:30,944 [Worker-10: Building workspace] INFO  o.e.m.c.i.embedder.EclipseLogger - skip non existing resourceDirectory /home/rafaeldsa/Roteiros/R01-01-Rot-SimpleSorting-Simultaneous-Bubble-environment/src/test/resources
2018-09-06 14:50:36,659 [Worker-20: Building workspace] WARN  o.e.m.c.i.embedder.EclipseLogger - Using platform encoding (UTF-8 actually) to copy filtered resources, i.e. build is platform dependent!
2018-09-06 14:50:36,662 [Worker-20: Building workspace] INFO  o.e.m.c.i.embedder.EclipseLogger - skip non existing resourceDirectory /home/rafaeldsa/Roteiros/R01-01-Rot-SimpleSorting-Simultaneous-Bubble-environment/src/main/resources
2018-09-06 14:50:36,666 [Worker-20: Building workspace] WARN  o.e.m.c.i.embedder.EclipseLogger - Using platform encoding (UTF-8 actually) to copy filtered resources, i.e. build is platform dependent!
2018-09-06 14:50:36,667 [Worker-20: Building workspace] INFO  o.e.m.c.i.embedder.EclipseLogger - skip non existing resourceDirectory /home/rafaeldsa/Roteiros/R01-01-Rot-SimpleSorting-Simultaneous-Bubble-environment/src/test/resources
2018-09-06 14:51:03,313 [Worker-21: Building workspace] WARN  o.e.m.c.i.embedder.EclipseLogger - Using platform encoding (UTF-8 actually) to copy filtered resources, i.e. build is platform dependent!
2018-09-06 14:51:03,315 [Worker-21: Building workspace] INFO  o.e.m.c.i.embedder.EclipseLogger - skip non existing resourceDirectory /home/rafaeldsa/Roteiros/R01-01-Rot-SimpleSorting-Simultaneous-Bubble-environment/src/main/resources
2018-09-06 14:51:03,317 [Worker-21: Building workspace] WARN  o.e.m.c.i.embedder.EclipseLogger - Using platform encoding (UTF-8 actually) to copy filtered resources, i.e. build is platform dependent!
2018-09-06 14:51:03,321 [Worker-21: Building workspace] INFO  o.e.m.c.i.embedder.EclipseLogger - skip non existing resourceDirectory /home/rafaeldsa/Roteiros/R01-01-Rot-SimpleSorting-Simultaneous-Bubble-environment/src/test/resources
2018-09-06 14:51:29,860 [Worker-20: Building workspace] WARN  o.e.m.c.i.embedder.EclipseLogger - Using platform encoding (UTF-8 actually) to copy filtered resources, i.e. build is platform dependent!
2018-09-06 14:51:29,862 [Worker-20: Building workspace] INFO  o.e.m.c.i.embedder.EclipseLogger - skip non existing resourceDirectory /home/rafaeldsa/Roteiros/R01-01-Rot-SimpleSorting-Simultaneous-Bubble-environment/src/main/resources
2018-09-06 14:51:29,864 [Worker-20: Building workspace] WARN  o.e.m.c.i.embedder.EclipseLogger - Using platform encoding (UTF-8 actually) to copy filtered resources, i.e. build is platform dependent!
2018-09-06 14:51:29,866 [Worker-20: Building workspace] INFO  o.e.m.c.i.embedder.EclipseLogger - skip non existing resourceDirectory /home/rafaeldsa/Roteiros/R01-01-Rot-SimpleSorting-Simultaneous-Bubble-environment/src/test/resources
2018-09-06 14:51:40,222 [Worker-20: Building workspace] WARN  o.e.m.c.i.embedder.EclipseLogger - Using platform encoding (UTF-8 actually) to copy filtered resources, i.e. build is platform dependent!
2018-09-06 14:51:40,238 [Worker-20: Building workspace] INFO  o.e.m.c.i.embedder.EclipseLogger - skip non existing resourceDirectory /home/rafaeldsa/Roteiros/R01-01-Rot-SimpleSorting-Simultaneous-Bubble-environment/src/main/resources
2018-09-06 14:51:40,246 [Worker-20: Building workspace] WARN  o.e.m.c.i.embedder.EclipseLogger - Using platform encoding (UTF-8 actually) to copy filtered resources, i.e. build is platform dependent!
2018-09-06 14:51:40,248 [Worker-20: Building workspace] INFO  o.e.m.c.i.embedder.EclipseLogger - skip non existing resourceDirectory /home/rafaeldsa/Roteiros/R01-01-Rot-SimpleSorting-Simultaneous-Bubble-environment/src/test/resources
2018-09-06 14:55:56,629 [Worker-19: Building workspace] WARN  o.e.m.c.i.embedder.EclipseLogger - Using platform encoding (UTF-8 actually) to copy filtered resources, i.e. build is platform dependent!
2018-09-06 14:55:56,631 [Worker-19: Building workspace] INFO  o.e.m.c.i.embedder.EclipseLogger - skip non existing resourceDirectory /home/rafaeldsa/Roteiros/R01-01-Rot-SimpleSorting-Simultaneous-Bubble-environment/src/main/resources
2018-09-06 14:55:56,634 [Worker-19: Building workspace] WARN  o.e.m.c.i.embedder.EclipseLogger - Using platform encoding (UTF-8 actually) to copy filtered resources, i.e. build is platform dependent!
2018-09-06 14:55:56,636 [Worker-19: Building workspace] INFO  o.e.m.c.i.embedder.EclipseLogger - skip non existing resourceDirectory /home/rafaeldsa/Roteiros/R01-01-Rot-SimpleSorting-Simultaneous-Bubble-environment/src/test/resources
2018-09-06 14:56:07,646 [Worker-19: Building workspace] WARN  o.e.m.c.i.embedder.EclipseLogger - Using platform encoding (UTF-8 actually) to copy filtered resources, i.e. build is platform dependent!
2018-09-06 14:56:07,649 [Worker-19: Building workspace] INFO  o.e.m.c.i.embedder.EclipseLogger - skip non existing resourceDirectory /home/rafaeldsa/Roteiros/R01-01-Rot-SimpleSorting-Simultaneous-Bubble-environment/src/main/resources
2018-09-06 14:56:07,656 [Worker-19: Building workspace] WARN  o.e.m.c.i.embedder.EclipseLogger - Using platform encoding (UTF-8 actually) to copy filtered resources, i.e. build is platform dependent!
2018-09-06 14:56:07,661 [Worker-19: Building workspace] INFO  o.e.m.c.i.embedder.EclipseLogger - skip non existing resourceDirectory /home/rafaeldsa/Roteiros/R01-01-Rot-SimpleSorting-Simultaneous-Bubble-environment/src/test/resources
2018-09-06 15:00:23,342 [Worker-21: Building workspace] WARN  o.e.m.c.i.embedder.EclipseLogger - Using platform encoding (UTF-8 actually) to copy filtered resources, i.e. build is platform dependent!
2018-09-06 15:00:23,345 [Worker-21: Building workspace] INFO  o.e.m.c.i.embedder.EclipseLogger - skip non existing resourceDirectory /home/rafaeldsa/Roteiros/R01-01-Rot-SimpleSorting-Simultaneous-Bubble-environment/src/main/resources
2018-09-06 15:00:23,349 [Worker-21: Building workspace] WARN  o.e.m.c.i.embedder.EclipseLogger - Using platform encoding (UTF-8 actually) to copy filtered resources, i.e. build is platform dependent!
2018-09-06 15:00:23,351 [Worker-21: Building workspace] INFO  o.e.m.c.i.embedder.EclipseLogger - skip non existing resourceDirectory /home/rafaeldsa/Roteiros/R01-01-Rot-SimpleSorting-Simultaneous-Bubble-environment/src/test/resources
2018-09-06 15:01:05,940 [Worker-21: Building workspace] WARN  o.e.m.c.i.embedder.EclipseLogger - Using platform encoding (UTF-8 actually) to copy filtered resources, i.e. build is platform dependent!
2018-09-06 15:01:05,943 [Worker-21: Building workspace] INFO  o.e.m.c.i.embedder.EclipseLogger - skip non existing resourceDirectory /home/rafaeldsa/Roteiros/R01-01-Rot-SimpleSorting-Simultaneous-Bubble-environment/src/main/resources
2018-09-06 15:01:05,945 [Worker-21: Building workspace] WARN  o.e.m.c.i.embedder.EclipseLogger - Using platform encoding (UTF-8 actually) to copy filtered resources, i.e. build is platform dependent!
2018-09-06 15:01:05,947 [Worker-21: Building workspace] INFO  o.e.m.c.i.embedder.EclipseLogger - skip non existing resourceDirectory /home/rafaeldsa/Roteiros/R01-01-Rot-SimpleSorting-Simultaneous-Bubble-environment/src/test/resources
2018-09-06 15:01:15,106 [Worker-21: Building workspace] WARN  o.e.m.c.i.embedder.EclipseLogger - Using platform encoding (UTF-8 actually) to copy filtered resources, i.e. build is platform dependent!
2018-09-06 15:01:15,109 [Worker-21: Building workspace] INFO  o.e.m.c.i.embedder.EclipseLogger - skip non existing resourceDirectory /home/rafaeldsa/Roteiros/R01-01-Rot-SimpleSorting-Simultaneous-Bubble-environment/src/main/resources
2018-09-06 15:01:15,111 [Worker-21: Building workspace] WARN  o.e.m.c.i.embedder.EclipseLogger - Using platform encoding (UTF-8 actually) to copy filtered resources, i.e. build is platform dependent!
2018-09-06 15:01:15,113 [Worker-21: Building workspace] INFO  o.e.m.c.i.embedder.EclipseLogger - skip non existing resourceDirectory /home/rafaeldsa/Roteiros/R01-01-Rot-SimpleSorting-Simultaneous-Bubble-environment/src/test/resources
2018-09-06 15:01:51,763 [Worker-22: Launching StudentSortingTest] WARN  o.e.m.c.i.embedder.EclipseLogger - Using platform encoding (UTF-8 actually) to copy filtered resources, i.e. build is platform dependent!
2018-09-06 15:01:51,765 [Worker-22: Launching StudentSortingTest] INFO  o.e.m.c.i.embedder.EclipseLogger - skip non existing resourceDirectory /home/rafaeldsa/Roteiros/R01-01-Rot-SimpleSorting-Simultaneous-Bubble-environment/src/main/resources
2018-09-06 15:01:51,768 [Worker-22: Launching StudentSortingTest] WARN  o.e.m.c.i.embedder.EclipseLogger - Using platform encoding (UTF-8 actually) to copy filtered resources, i.e. build is platform dependent!
2018-09-06 15:01:51,770 [Worker-22: Launching StudentSortingTest] INFO  o.e.m.c.i.embedder.EclipseLogger - skip non existing resourceDirectory /home/rafaeldsa/Roteiros/R01-01-Rot-SimpleSorting-Simultaneous-Bubble-environment/src/test/resources
2018-09-06 15:02:02,755 [Worker-20: Building workspace] WARN  o.e.m.c.i.embedder.EclipseLogger - Using platform encoding (UTF-8 actually) to copy filtered resources, i.e. build is platform dependent!
2018-09-06 15:02:02,757 [Worker-20: Building workspace] INFO  o.e.m.c.i.embedder.EclipseLogger - skip non existing resourceDirectory /home/rafaeldsa/Roteiros/R01-01-Rot-SimpleSorting-Simultaneous-Bubble-environment/src/main/resources
2018-09-06 15:02:02,759 [Worker-20: Building workspace] WARN  o.e.m.c.i.embedder.EclipseLogger - Using platform encoding (UTF-8 actually) to copy filtered resources, i.e. build is platform dependent!
2018-09-06 15:02:02,761 [Worker-20: Building workspace] INFO  o.e.m.c.i.embedder.EclipseLogger - skip non existing resourceDirectory /home/rafaeldsa/Roteiros/R01-01-Rot-SimpleSorting-Simultaneous-Bubble-environment/src/test/resources
2018-09-06 15:02:28,207 [Worker-21: Building workspace] WARN  o.e.m.c.i.embedder.EclipseLogger - Using platform encoding (UTF-8 actually) to copy filtered resources, i.e. build is platform dependent!
2018-09-06 15:02:28,210 [Worker-21: Building workspace] INFO  o.e.m.c.i.embedder.EclipseLogger - skip non existing resourceDirectory /home/rafaeldsa/Roteiros/R01-01-Rot-SimpleSorting-Simultaneous-Bubble-environment/src/main/resources
2018-09-06 15:02:28,212 [Worker-21: Building workspace] WARN  o.e.m.c.i.embedder.EclipseLogger - Using platform encoding (UTF-8 actually) to copy filtered resources, i.e. build is platform dependent!
2018-09-06 15:02:28,214 [Worker-21: Building workspace] INFO  o.e.m.c.i.embedder.EclipseLogger - skip non existing resourceDirectory /home/rafaeldsa/Roteiros/R01-01-Rot-SimpleSorting-Simultaneous-Bubble-environment/src/test/resources
2018-09-06 15:04:18,165 [Worker-20: Building workspace] WARN  o.e.m.c.i.embedder.EclipseLogger - Using platform encoding (UTF-8 actually) to copy filtered resources, i.e. build is platform dependent!
2018-09-06 15:04:18,174 [Worker-20: Building workspace] INFO  o.e.m.c.i.embedder.EclipseLogger - skip non existing resourceDirectory /home/rafaeldsa/Roteiros/R01-01-Rot-SimpleSorting-Simultaneous-Bubble-environment/src/main/resources
2018-09-06 15:04:18,178 [Worker-20: Building workspace] WARN  o.e.m.c.i.embedder.EclipseLogger - Using platform encoding (UTF-8 actually) to copy filtered resources, i.e. build is platform dependent!
2018-09-06 15:04:18,181 [Worker-20: Building workspace] INFO  o.e.m.c.i.embedder.EclipseLogger - skip non existing resourceDirectory /home/rafaeldsa/Roteiros/R01-01-Rot-SimpleSorting-Simultaneous-Bubble-environment/src/test/resources
2018-09-06 15:06:12,972 [Worker-21: Building workspace] WARN  o.e.m.c.i.embedder.EclipseLogger - Using platform encoding (UTF-8 actually) to copy filtered resources, i.e. build is platform dependent!
2018-09-06 15:06:12,973 [Worker-21: Building workspace] INFO  o.e.m.c.i.embedder.EclipseLogger - skip non existing resourceDirectory /home/rafaeldsa/Roteiros/R01-01-Rot-SimpleSorting-Simultaneous-Bubble-environment/src/main/resources
2018-09-06 15:06:12,976 [Worker-21: Building workspace] WARN  o.e.m.c.i.embedder.EclipseLogger - Using platform encoding (UTF-8 actually) to copy filtered resources, i.e. build is platform dependent!
2018-09-06 15:06:12,978 [Worker-21: Building workspace] INFO  o.e.m.c.i.embedder.EclipseLogger - skip non existing resourceDirectory /home/rafaeldsa/Roteiros/R01-01-Rot-SimpleSorting-Simultaneous-Bubble-environment/src/test/resources
2018-09-06 15:08:27,693 [Worker-20: Building workspace] WARN  o.e.m.c.i.embedder.EclipseLogger - Using platform encoding (UTF-8 actually) to copy filtered resources, i.e. build is platform dependent!
2018-09-06 15:08:27,695 [Worker-20: Building workspace] INFO  o.e.m.c.i.embedder.EclipseLogger - skip non existing resourceDirectory /home/rafaeldsa/Roteiros/R01-01-Rot-SimpleSorting-Simultaneous-Bubble-environment/src/main/resources
2018-09-06 15:08:27,698 [Worker-20: Building workspace] WARN  o.e.m.c.i.embedder.EclipseLogger - Using platform encoding (UTF-8 actually) to copy filtered resources, i.e. build is platform dependent!
2018-09-06 15:08:27,700 [Worker-20: Building workspace] INFO  o.e.m.c.i.embedder.EclipseLogger - skip non existing resourceDirectory /home/rafaeldsa/Roteiros/R01-01-Rot-SimpleSorting-Simultaneous-Bubble-environment/src/test/resources
2018-09-06 15:10:11,093 [Worker-20: Building workspace] WARN  o.e.m.c.i.embedder.EclipseLogger - Using platform encoding (UTF-8 actually) to copy filtered resources, i.e. build is platform dependent!
2018-09-06 15:10:11,095 [Worker-20: Building workspace] INFO  o.e.m.c.i.embedder.EclipseLogger - skip non existing resourceDirectory /home/rafaeldsa/Roteiros/R01-01-Rot-SimpleSorting-Simultaneous-Bubble-environment/src/main/resources
2018-09-06 15:10:11,097 [Worker-20: Building workspace] WARN  o.e.m.c.i.embedder.EclipseLogger - Using platform encoding (UTF-8 actually) to copy filtered resources, i.e. build is platform dependent!
2018-09-06 15:10:11,099 [Worker-20: Building workspace] INFO  o.e.m.c.i.embedder.EclipseLogger - skip non existing resourceDirectory /home/rafaeldsa/Roteiros/R01-01-Rot-SimpleSorting-Simultaneous-Bubble-environment/src/test/resources
2018-09-06 15:10:32,390 [Worker-24: Building workspace] WARN  o.e.m.c.i.embedder.EclipseLogger - Using platform encoding (UTF-8 actually) to copy filtered resources, i.e. build is platform dependent!
2018-09-06 15:10:32,393 [Worker-24: Building workspace] INFO  o.e.m.c.i.embedder.EclipseLogger - skip non existing resourceDirectory /home/rafaeldsa/Roteiros/R01-01-Rot-SimpleSorting-Simultaneous-Bubble-environment/src/main/resources
2018-09-06 15:10:32,395 [Worker-24: Building workspace] WARN  o.e.m.c.i.embedder.EclipseLogger - Using platform encoding (UTF-8 actually) to copy filtered resources, i.e. build is platform dependent!
2018-09-06 15:10:32,396 [Worker-24: Building workspace] INFO  o.e.m.c.i.embedder.EclipseLogger - skip non existing resourceDirectory /home/rafaeldsa/Roteiros/R01-01-Rot-SimpleSorting-Simultaneous-Bubble-environment/src/test/resources
2018-09-06 15:13:25,957 [Worker-22: Building workspace] WARN  o.e.m.c.i.embedder.EclipseLogger - Using platform encoding (UTF-8 actually) to copy filtered resources, i.e. build is platform dependent!
2018-09-06 15:13:25,961 [Worker-22: Building workspace] INFO  o.e.m.c.i.embedder.EclipseLogger - skip non existing resourceDirectory /home/rafaeldsa/Roteiros/R01-01-Rot-SimpleSorting-Simultaneous-Bubble-environment/src/main/resources
2018-09-06 15:13:25,963 [Worker-22: Building workspace] WARN  o.e.m.c.i.embedder.EclipseLogger - Using platform encoding (UTF-8 actually) to copy filtered resources, i.e. build is platform dependent!
2018-09-06 15:13:25,966 [Worker-22: Building workspace] INFO  o.e.m.c.i.embedder.EclipseLogger - skip non existing resourceDirectory /home/rafaeldsa/Roteiros/R01-01-Rot-SimpleSorting-Simultaneous-Bubble-environment/src/test/resources
2018-09-06 15:13:56,741 [Worker-20: Building workspace] WARN  o.e.m.c.i.embedder.EclipseLogger - Using platform encoding (UTF-8 actually) to copy filtered resources, i.e. build is platform dependent!
2018-09-06 15:13:56,745 [Worker-20: Building workspace] INFO  o.e.m.c.i.embedder.EclipseLogger - skip non existing resourceDirectory /home/rafaeldsa/Roteiros/R01-01-Rot-SimpleSorting-Simultaneous-Bubble-environment/src/main/resources
2018-09-06 15:13:56,749 [Worker-20: Building workspace] WARN  o.e.m.c.i.embedder.EclipseLogger - Using platform encoding (UTF-8 actually) to copy filtered resources, i.e. build is platform dependent!
2018-09-06 15:13:56,750 [Worker-20: Building workspace] INFO  o.e.m.c.i.embedder.EclipseLogger - skip non existing resourceDirectory /home/rafaeldsa/Roteiros/R01-01-Rot-SimpleSorting-Simultaneous-Bubble-environment/src/test/resources
2018-09-06 15:14:36,046 [Worker-22: Building workspace] WARN  o.e.m.c.i.embedder.EclipseLogger - Using platform encoding (UTF-8 actually) to copy filtered resources, i.e. build is platform dependent!
2018-09-06 15:14:36,049 [Worker-22: Building workspace] INFO  o.e.m.c.i.embedder.EclipseLogger - skip non existing resourceDirectory /home/rafaeldsa/Roteiros/R01-01-Rot-SimpleSorting-Simultaneous-Bubble-environment/src/main/resources
2018-09-06 15:14:36,052 [Worker-22: Building workspace] WARN  o.e.m.c.i.embedder.EclipseLogger - Using platform encoding (UTF-8 actually) to copy filtered resources, i.e. build is platform dependent!
2018-09-06 15:14:36,059 [Worker-22: Building workspace] INFO  o.e.m.c.i.embedder.EclipseLogger - skip non existing resourceDirectory /home/rafaeldsa/Roteiros/R01-01-Rot-SimpleSorting-Simultaneous-Bubble-environment/src/test/resources
2018-09-06 15:14:41,884 [Worker-20: Building workspace] WARN  o.e.m.c.i.embedder.EclipseLogger - Using platform encoding (UTF-8 actually) to copy filtered resources, i.e. build is platform dependent!
2018-09-06 15:14:41,887 [Worker-20: Building workspace] INFO  o.e.m.c.i.embedder.EclipseLogger - skip non existing resourceDirectory /home/rafaeldsa/Roteiros/R01-01-Rot-SimpleSorting-Simultaneous-Bubble-environment/src/main/resources
2018-09-06 15:14:41,891 [Worker-20: Building workspace] WARN  o.e.m.c.i.embedder.EclipseLogger - Using platform encoding (UTF-8 actually) to copy filtered resources, i.e. build is platform dependent!
2018-09-06 15:14:41,893 [Worker-20: Building workspace] INFO  o.e.m.c.i.embedder.EclipseLogger - skip non existing resourceDirectory /home/rafaeldsa/Roteiros/R01-01-Rot-SimpleSorting-Simultaneous-Bubble-environment/src/test/resources
2018-09-06 15:14:49,297 [Worker-20: Building workspace] WARN  o.e.m.c.i.embedder.EclipseLogger - Using platform encoding (UTF-8 actually) to copy filtered resources, i.e. build is platform dependent!
2018-09-06 15:14:49,299 [Worker-20: Building workspace] INFO  o.e.m.c.i.embedder.EclipseLogger - skip non existing resourceDirectory /home/rafaeldsa/Roteiros/R01-01-Rot-SimpleSorting-Simultaneous-Bubble-environment/src/main/resources
2018-09-06 15:14:49,301 [Worker-20: Building workspace] WARN  o.e.m.c.i.embedder.EclipseLogger - Using platform encoding (UTF-8 actually) to copy filtered resources, i.e. build is platform dependent!
2018-09-06 15:14:49,303 [Worker-20: Building workspace] INFO  o.e.m.c.i.embedder.EclipseLogger - skip non existing resourceDirectory /home/rafaeldsa/Roteiros/R01-01-Rot-SimpleSorting-Simultaneous-Bubble-environment/src/test/resources
2018-09-06 15:14:58,600 [Worker-25: Building workspace] WARN  o.e.m.c.i.embedder.EclipseLogger - Using platform encoding (UTF-8 actually) to copy filtered resources, i.e. build is platform dependent!
2018-09-06 15:14:58,602 [Worker-25: Building workspace] INFO  o.e.m.c.i.embedder.EclipseLogger - skip non existing resourceDirectory /home/rafaeldsa/Roteiros/R01-01-Rot-SimpleSorting-Simultaneous-Bubble-environment/src/main/resources
2018-09-06 15:14:58,605 [Worker-25: Building workspace] WARN  o.e.m.c.i.embedder.EclipseLogger - Using platform encoding (UTF-8 actually) to copy filtered resources, i.e. build is platform dependent!
2018-09-06 15:14:58,607 [Worker-25: Building workspace] INFO  o.e.m.c.i.embedder.EclipseLogger - skip non existing resourceDirectory /home/rafaeldsa/Roteiros/R01-01-Rot-SimpleSorting-Simultaneous-Bubble-environment/src/test/resources
2018-09-06 15:15:06,181 [Worker-25: Building workspace] WARN  o.e.m.c.i.embedder.EclipseLogger - Using platform encoding (UTF-8 actually) to copy filtered resources, i.e. build is platform dependent!
2018-09-06 15:15:06,184 [Worker-25: Building workspace] INFO  o.e.m.c.i.embedder.EclipseLogger - skip non existing resourceDirectory /home/rafaeldsa/Roteiros/R01-01-Rot-SimpleSorting-Simultaneous-Bubble-environment/src/main/resources
2018-09-06 15:15:06,186 [Worker-25: Building workspace] WARN  o.e.m.c.i.embedder.EclipseLogger - Using platform encoding (UTF-8 actually) to copy filtered resources, i.e. build is platform dependent!
2018-09-06 15:15:06,188 [Worker-25: Building workspace] INFO  o.e.m.c.i.embedder.EclipseLogger - skip non existing resourceDirectory /home/rafaeldsa/Roteiros/R01-01-Rot-SimpleSorting-Simultaneous-Bubble-environment/src/test/resources
2018-09-06 15:15:13,624 [Worker-26: Building workspace] WARN  o.e.m.c.i.embedder.EclipseLogger - Using platform encoding (UTF-8 actually) to copy filtered resources, i.e. build is platform dependent!
2018-09-06 15:15:13,628 [Worker-26: Building workspace] INFO  o.e.m.c.i.embedder.EclipseLogger - skip non existing resourceDirectory /home/rafaeldsa/Roteiros/R01-01-Rot-SimpleSorting-Simultaneous-Bubble-environment/src/main/resources
2018-09-06 15:15:13,630 [Worker-26: Building workspace] WARN  o.e.m.c.i.embedder.EclipseLogger - Using platform encoding (UTF-8 actually) to copy filtered resources, i.e. build is platform dependent!
2018-09-06 15:15:13,632 [Worker-26: Building workspace] INFO  o.e.m.c.i.embedder.EclipseLogger - skip non existing resourceDirectory /home/rafaeldsa/Roteiros/R01-01-Rot-SimpleSorting-Simultaneous-Bubble-environment/src/test/resources
2018-09-06 15:16:02,889 [Worker-25: Building workspace] WARN  o.e.m.c.i.embedder.EclipseLogger - Using platform encoding (UTF-8 actually) to copy filtered resources, i.e. build is platform dependent!
2018-09-06 15:16:02,892 [Worker-25: Building workspace] INFO  o.e.m.c.i.embedder.EclipseLogger - skip non existing resourceDirectory /home/rafaeldsa/Roteiros/R01-01-Rot-SimpleSorting-Simultaneous-Bubble-environment/src/main/resources
2018-09-06 15:16:02,894 [Worker-25: Building workspace] WARN  o.e.m.c.i.embedder.EclipseLogger - Using platform encoding (UTF-8 actually) to copy filtered resources, i.e. build is platform dependent!
2018-09-06 15:16:02,896 [Worker-25: Building workspace] INFO  o.e.m.c.i.embedder.EclipseLogger - skip non existing resourceDirectory /home/rafaeldsa/Roteiros/R01-01-Rot-SimpleSorting-Simultaneous-Bubble-environment/src/test/resources
2018-09-06 15:19:01,513 [Worker-26: Building workspace] WARN  o.e.m.c.i.embedder.EclipseLogger - Using platform encoding (UTF-8 actually) to copy filtered resources, i.e. build is platform dependent!
2018-09-06 15:19:01,515 [Worker-26: Building workspace] INFO  o.e.m.c.i.embedder.EclipseLogger - skip non existing resourceDirectory /home/rafaeldsa/Roteiros/R01-01-Rot-SimpleSorting-Simultaneous-Bubble-environment/src/main/resources
2018-09-06 15:19:01,517 [Worker-26: Building workspace] WARN  o.e.m.c.i.embedder.EclipseLogger - Using platform encoding (UTF-8 actually) to copy filtered resources, i.e. build is platform dependent!
2018-09-06 15:19:01,519 [Worker-26: Building workspace] INFO  o.e.m.c.i.embedder.EclipseLogger - skip non existing resourceDirectory /home/rafaeldsa/Roteiros/R01-01-Rot-SimpleSorting-Simultaneous-Bubble-environment/src/test/resources
2018-09-06 15:21:27,813 [Worker-24: Building workspace] WARN  o.e.m.c.i.embedder.EclipseLogger - Using platform encoding (UTF-8 actually) to copy filtered resources, i.e. build is platform dependent!
2018-09-06 15:21:27,815 [Worker-24: Building workspace] INFO  o.e.m.c.i.embedder.EclipseLogger - skip non existing resourceDirectory /home/rafaeldsa/Roteiros/R01-01-Rot-SimpleSorting-Simultaneous-Bubble-environment/src/main/resources
2018-09-06 15:21:27,817 [Worker-24: Building workspace] WARN  o.e.m.c.i.embedder.EclipseLogger - Using platform encoding (UTF-8 actually) to copy filtered resources, i.e. build is platform dependent!
2018-09-06 15:21:27,819 [Worker-24: Building workspace] INFO  o.e.m.c.i.embedder.EclipseLogger - skip non existing resourceDirectory /home/rafaeldsa/Roteiros/R01-01-Rot-SimpleSorting-Simultaneous-Bubble-environment/src/test/resources
2018-09-06 15:22:22,731 [Worker-22: Building workspace] WARN  o.e.m.c.i.embedder.EclipseLogger - Using platform encoding (UTF-8 actually) to copy filtered resources, i.e. build is platform dependent!
2018-09-06 15:22:22,733 [Worker-22: Building workspace] INFO  o.e.m.c.i.embedder.EclipseLogger - skip non existing resourceDirectory /home/rafaeldsa/Roteiros/R01-01-Rot-SimpleSorting-Simultaneous-Bubble-environment/src/main/resources
2018-09-06 15:22:22,735 [Worker-22: Building workspace] WARN  o.e.m.c.i.embedder.EclipseLogger - Using platform encoding (UTF-8 actually) to copy filtered resources, i.e. build is platform dependent!
2018-09-06 15:22:22,738 [Worker-22: Building workspace] INFO  o.e.m.c.i.embedder.EclipseLogger - skip non existing resourceDirectory /home/rafaeldsa/Roteiros/R01-01-Rot-SimpleSorting-Simultaneous-Bubble-environment/src/test/resources
2018-09-06 15:23:18,888 [Worker-20: Building workspace] WARN  o.e.m.c.i.embedder.EclipseLogger - Using platform encoding (UTF-8 actually) to copy filtered resources, i.e. build is platform dependent!
2018-09-06 15:23:18,895 [Worker-20: Building workspace] INFO  o.e.m.c.i.embedder.EclipseLogger - skip non existing resourceDirectory /home/rafaeldsa/Roteiros/R01-01-Rot-SimpleSorting-Simultaneous-Bubble-environment/src/main/resources
2018-09-06 15:23:18,901 [Worker-20: Building workspace] WARN  o.e.m.c.i.embedder.EclipseLogger - Using platform encoding (UTF-8 actually) to copy filtered resources, i.e. build is platform dependent!
2018-09-06 15:23:18,903 [Worker-20: Building workspace] INFO  o.e.m.c.i.embedder.EclipseLogger - skip non existing resourceDirectory /home/rafaeldsa/Roteiros/R01-01-Rot-SimpleSorting-Simultaneous-Bubble-environment/src/test/resources
2018-09-06 15:23:53,629 [Worker-22: Building workspace] WARN  o.e.m.c.i.embedder.EclipseLogger - Using platform encoding (UTF-8 actually) to copy filtered resources, i.e. build is platform dependent!
2018-09-06 15:23:53,633 [Worker-22: Building workspace] INFO  o.e.m.c.i.embedder.EclipseLogger - skip non existing resourceDirectory /home/rafaeldsa/Roteiros/R01-01-Rot-SimpleSorting-Simultaneous-Bubble-environment/src/main/resources
2018-09-06 15:23:53,635 [Worker-22: Building workspace] WARN  o.e.m.c.i.embedder.EclipseLogger - Using platform encoding (UTF-8 actually) to copy filtered resources, i.e. build is platform dependent!
2018-09-06 15:23:53,641 [Worker-22: Building workspace] INFO  o.e.m.c.i.embedder.EclipseLogger - skip non existing resourceDirectory /home/rafaeldsa/Roteiros/R01-01-Rot-SimpleSorting-Simultaneous-Bubble-environment/src/test/resources
2018-09-06 15:26:25,224 [Worker-27: Building workspace] WARN  o.e.m.c.i.embedder.EclipseLogger - Using platform encoding (UTF-8 actually) to copy filtered resources, i.e. build is platform dependent!
2018-09-06 15:26:25,226 [Worker-27: Building workspace] INFO  o.e.m.c.i.embedder.EclipseLogger - skip non existing resourceDirectory /home/rafaeldsa/Roteiros/R01-01-Rot-SimpleSorting-Simultaneous-Bubble-environment/src/main/resources
2018-09-06 15:26:25,228 [Worker-27: Building workspace] WARN  o.e.m.c.i.embedder.EclipseLogger - Using platform encoding (UTF-8 actually) to copy filtered resources, i.e. build is platform dependent!
2018-09-06 15:26:25,230 [Worker-27: Building workspace] INFO  o.e.m.c.i.embedder.EclipseLogger - skip non existing resourceDirectory /home/rafaeldsa/Roteiros/R01-01-Rot-SimpleSorting-Simultaneous-Bubble-environment/src/test/resources
2018-09-06 15:26:33,413 [Worker-28: Building workspace] WARN  o.e.m.c.i.embedder.EclipseLogger - Using platform encoding (UTF-8 actually) to copy filtered resources, i.e. build is platform dependent!
2018-09-06 15:26:33,416 [Worker-28: Building workspace] INFO  o.e.m.c.i.embedder.EclipseLogger - skip non existing resourceDirectory /home/rafaeldsa/Roteiros/R01-01-Rot-SimpleSorting-Simultaneous-Bubble-environment/src/main/resources
2018-09-06 15:26:33,418 [Worker-28: Building workspace] WARN  o.e.m.c.i.embedder.EclipseLogger - Using platform encoding (UTF-8 actually) to copy filtered resources, i.e. build is platform dependent!
2018-09-06 15:26:33,420 [Worker-28: Building workspace] INFO  o.e.m.c.i.embedder.EclipseLogger - skip non existing resourceDirectory /home/rafaeldsa/Roteiros/R01-01-Rot-SimpleSorting-Simultaneous-Bubble-environment/src/test/resources
2018-09-06 15:26:42,113 [Worker-28: Building workspace] WARN  o.e.m.c.i.embedder.EclipseLogger - Using platform encoding (UTF-8 actually) to copy filtered resources, i.e. build is platform dependent!
2018-09-06 15:26:42,117 [Worker-28: Building workspace] INFO  o.e.m.c.i.embedder.EclipseLogger - skip non existing resourceDirectory /home/rafaeldsa/Roteiros/R01-01-Rot-SimpleSorting-Simultaneous-Bubble-environment/src/main/resources
2018-09-06 15:26:42,119 [Worker-28: Building workspace] WARN  o.e.m.c.i.embedder.EclipseLogger - Using platform encoding (UTF-8 actually) to copy filtered resources, i.e. build is platform dependent!
2018-09-06 15:26:42,124 [Worker-28: Building workspace] INFO  o.e.m.c.i.embedder.EclipseLogger - skip non existing resourceDirectory /home/rafaeldsa/Roteiros/R01-01-Rot-SimpleSorting-Simultaneous-Bubble-environment/src/test/resources
2018-09-06 15:28:48,580 [Worker-29: Building workspace] WARN  o.e.m.c.i.embedder.EclipseLogger - Using platform encoding (UTF-8 actually) to copy filtered resources, i.e. build is platform dependent!
2018-09-06 15:28:48,583 [Worker-29: Building workspace] INFO  o.e.m.c.i.embedder.EclipseLogger - skip non existing resourceDirectory /home/rafaeldsa/Roteiros/R01-01-Rot-SimpleSorting-Simultaneous-Bubble-environment/src/main/resources
2018-09-06 15:28:48,586 [Worker-29: Building workspace] WARN  o.e.m.c.i.embedder.EclipseLogger - Using platform encoding (UTF-8 actually) to copy filtered resources, i.e. build is platform dependent!
2018-09-06 15:28:48,588 [Worker-29: Building workspace] INFO  o.e.m.c.i.embedder.EclipseLogger - skip non existing resourceDirectory /home/rafaeldsa/Roteiros/R01-01-Rot-SimpleSorting-Simultaneous-Bubble-environment/src/test/resources
2018-09-06 15:29:01,569 [Worker-26: Building workspace] WARN  o.e.m.c.i.embedder.EclipseLogger - Using platform encoding (UTF-8 actually) to copy filtered resources, i.e. build is platform dependent!
2018-09-06 15:29:01,572 [Worker-26: Building workspace] INFO  o.e.m.c.i.embedder.EclipseLogger - skip non existing resourceDirectory /home/rafaeldsa/Roteiros/R01-01-Rot-SimpleSorting-Simultaneous-Bubble-environment/src/main/resources
2018-09-06 15:29:01,573 [Worker-26: Building workspace] WARN  o.e.m.c.i.embedder.EclipseLogger - Using platform encoding (UTF-8 actually) to copy filtered resources, i.e. build is platform dependent!
2018-09-06 15:29:01,575 [Worker-26: Building workspace] INFO  o.e.m.c.i.embedder.EclipseLogger - skip non existing resourceDirectory /home/rafaeldsa/Roteiros/R01-01-Rot-SimpleSorting-Simultaneous-Bubble-environment/src/test/resources
2018-09-06 15:29:06,211 [Worker-22: Building workspace] WARN  o.e.m.c.i.embedder.EclipseLogger - Using platform encoding (UTF-8 actually) to copy filtered resources, i.e. build is platform dependent!
2018-09-06 15:29:06,214 [Worker-22: Building workspace] INFO  o.e.m.c.i.embedder.EclipseLogger - skip non existing resourceDirectory /home/rafaeldsa/Roteiros/R01-01-Rot-SimpleSorting-Simultaneous-Bubble-environment/src/main/resources
2018-09-06 15:29:06,216 [Worker-22: Building workspace] WARN  o.e.m.c.i.embedder.EclipseLogger - Using platform encoding (UTF-8 actually) to copy filtered resources, i.e. build is platform dependent!
2018-09-06 15:29:06,218 [Worker-22: Building workspace] INFO  o.e.m.c.i.embedder.EclipseLogger - skip non existing resourceDirectory /home/rafaeldsa/Roteiros/R01-01-Rot-SimpleSorting-Simultaneous-Bubble-environment/src/test/resources
2018-09-06 15:29:15,848 [Worker-27: Building workspace] WARN  o.e.m.c.i.embedder.EclipseLogger - Using platform encoding (UTF-8 actually) to copy filtered resources, i.e. build is platform dependent!
2018-09-06 15:29:15,850 [Worker-27: Building workspace] INFO  o.e.m.c.i.embedder.EclipseLogger - skip non existing resourceDirectory /home/rafaeldsa/Roteiros/R01-01-Rot-SimpleSorting-Simultaneous-Bubble-environment/src/main/resources
2018-09-06 15:29:15,852 [Worker-27: Building workspace] WARN  o.e.m.c.i.embedder.EclipseLogger - Using platform encoding (UTF-8 actually) to copy filtered resources, i.e. build is platform dependent!
2018-09-06 15:29:15,854 [Worker-27: Building workspace] INFO  o.e.m.c.i.embedder.EclipseLogger - skip non existing resourceDirectory /home/rafaeldsa/Roteiros/R01-01-Rot-SimpleSorting-Simultaneous-Bubble-environment/src/test/resources
2018-09-06 15:30:17,246 [Worker-26: Building workspace] WARN  o.e.m.c.i.embedder.EclipseLogger - Using platform encoding (UTF-8 actually) to copy filtered resources, i.e. build is platform dependent!
2018-09-06 15:30:17,249 [Worker-26: Building workspace] INFO  o.e.m.c.i.embedder.EclipseLogger - skip non existing resourceDirectory /home/rafaeldsa/Roteiros/R01-01-Rot-SimpleSorting-Simultaneous-Bubble-environment/src/main/resources
2018-09-06 15:30:17,251 [Worker-26: Building workspace] WARN  o.e.m.c.i.embedder.EclipseLogger - Using platform encoding (UTF-8 actually) to copy filtered resources, i.e. build is platform dependent!
2018-09-06 15:30:17,252 [Worker-26: Building workspace] INFO  o.e.m.c.i.embedder.EclipseLogger - skip non existing resourceDirectory /home/rafaeldsa/Roteiros/R01-01-Rot-SimpleSorting-Simultaneous-Bubble-environment/src/test/resources
2018-09-06 15:30:31,533 [Worker-27: Building workspace] WARN  o.e.m.c.i.embedder.EclipseLogger - Using platform encoding (UTF-8 actually) to copy filtered resources, i.e. build is platform dependent!
2018-09-06 15:30:31,536 [Worker-27: Building workspace] INFO  o.e.m.c.i.embedder.EclipseLogger - skip non existing resourceDirectory /home/rafaeldsa/Roteiros/R01-01-Rot-SimpleSorting-Simultaneous-Bubble-environment/src/main/resources
2018-09-06 15:30:31,538 [Worker-27: Building workspace] WARN  o.e.m.c.i.embedder.EclipseLogger - Using platform encoding (UTF-8 actually) to copy filtered resources, i.e. build is platform dependent!
2018-09-06 15:30:31,539 [Worker-27: Building workspace] INFO  o.e.m.c.i.embedder.EclipseLogger - skip non existing resourceDirectory /home/rafaeldsa/Roteiros/R01-01-Rot-SimpleSorting-Simultaneous-Bubble-environment/src/test/resources
2018-09-06 15:30:33,886 [Worker-28: Building workspace] WARN  o.e.m.c.i.embedder.EclipseLogger - Using platform encoding (UTF-8 actually) to copy filtered resources, i.e. build is platform dependent!
2018-09-06 15:30:33,888 [Worker-28: Building workspace] INFO  o.e.m.c.i.embedder.EclipseLogger - skip non existing resourceDirectory /home/rafaeldsa/Roteiros/R01-01-Rot-SimpleSorting-Simultaneous-Bubble-environment/src/main/resources
2018-09-06 15:30:33,890 [Worker-28: Building workspace] WARN  o.e.m.c.i.embedder.EclipseLogger - Using platform encoding (UTF-8 actually) to copy filtered resources, i.e. build is platform dependent!
2018-09-06 15:30:33,892 [Worker-28: Building workspace] INFO  o.e.m.c.i.embedder.EclipseLogger - skip non existing resourceDirectory /home/rafaeldsa/Roteiros/R01-01-Rot-SimpleSorting-Simultaneous-Bubble-environment/src/test/resources
2018-09-06 15:30:48,153 [Worker-29: Building workspace] WARN  o.e.m.c.i.embedder.EclipseLogger - Using platform encoding (UTF-8 actually) to copy filtered resources, i.e. build is platform dependent!
2018-09-06 15:30:48,155 [Worker-29: Building workspace] INFO  o.e.m.c.i.embedder.EclipseLogger - skip non existing resourceDirectory /home/rafaeldsa/Roteiros/R01-01-Rot-SimpleSorting-Simultaneous-Bubble-environment/src/main/resources
2018-09-06 15:30:48,157 [Worker-29: Building workspace] WARN  o.e.m.c.i.embedder.EclipseLogger - Using platform encoding (UTF-8 actually) to copy filtered resources, i.e. build is platform dependent!
2018-09-06 15:30:48,159 [Worker-29: Building workspace] INFO  o.e.m.c.i.embedder.EclipseLogger - skip non existing resourceDirectory /home/rafaeldsa/Roteiros/R01-01-Rot-SimpleSorting-Simultaneous-Bubble-environment/src/test/resources
2018-09-06 15:30:53,074 [Worker-22: Building workspace] WARN  o.e.m.c.i.embedder.EclipseLogger - Using platform encoding (UTF-8 actually) to copy filtered resources, i.e. build is platform dependent!
2018-09-06 15:30:53,077 [Worker-22: Building workspace] INFO  o.e.m.c.i.embedder.EclipseLogger - skip non existing resourceDirectory /home/rafaeldsa/Roteiros/R01-01-Rot-SimpleSorting-Simultaneous-Bubble-environment/src/main/resources
2018-09-06 15:30:53,079 [Worker-22: Building workspace] WARN  o.e.m.c.i.embedder.EclipseLogger - Using platform encoding (UTF-8 actually) to copy filtered resources, i.e. build is platform dependent!
2018-09-06 15:30:53,081 [Worker-22: Building workspace] INFO  o.e.m.c.i.embedder.EclipseLogger - skip non existing resourceDirectory /home/rafaeldsa/Roteiros/R01-01-Rot-SimpleSorting-Simultaneous-Bubble-environment/src/test/resources
2018-09-06 15:31:06,450 [Worker-22: Building workspace] WARN  o.e.m.c.i.embedder.EclipseLogger - Using platform encoding (UTF-8 actually) to copy filtered resources, i.e. build is platform dependent!
2018-09-06 15:31:06,452 [Worker-22: Building workspace] INFO  o.e.m.c.i.embedder.EclipseLogger - skip non existing resourceDirectory /home/rafaeldsa/Roteiros/R01-01-Rot-SimpleSorting-Simultaneous-Bubble-environment/src/main/resources
2018-09-06 15:31:06,453 [Worker-22: Building workspace] WARN  o.e.m.c.i.embedder.EclipseLogger - Using platform encoding (UTF-8 actually) to copy filtered resources, i.e. build is platform dependent!
2018-09-06 15:31:06,457 [Worker-22: Building workspace] INFO  o.e.m.c.i.embedder.EclipseLogger - skip non existing resourceDirectory /home/rafaeldsa/Roteiros/R01-01-Rot-SimpleSorting-Simultaneous-Bubble-environment/src/test/resources
2018-09-06 15:31:23,715 [Worker-27: Building workspace] WARN  o.e.m.c.i.embedder.EclipseLogger - Using platform encoding (UTF-8 actually) to copy filtered resources, i.e. build is platform dependent!
2018-09-06 15:31:23,717 [Worker-27: Building workspace] INFO  o.e.m.c.i.embedder.EclipseLogger - skip non existing resourceDirectory /home/rafaeldsa/Roteiros/R01-01-Rot-SimpleSorting-Simultaneous-Bubble-environment/src/main/resources
2018-09-06 15:31:23,720 [Worker-27: Building workspace] WARN  o.e.m.c.i.embedder.EclipseLogger - Using platform encoding (UTF-8 actually) to copy filtered resources, i.e. build is platform dependent!
2018-09-06 15:31:23,722 [Worker-27: Building workspace] INFO  o.e.m.c.i.embedder.EclipseLogger - skip non existing resourceDirectory /home/rafaeldsa/Roteiros/R01-01-Rot-SimpleSorting-Simultaneous-Bubble-environment/src/test/resources
2018-09-06 15:31:36,091 [Worker-27: Building workspace] WARN  o.e.m.c.i.embedder.EclipseLogger - Using platform encoding (UTF-8 actually) to copy filtered resources, i.e. build is platform dependent!
2018-09-06 15:31:36,096 [Worker-27: Building workspace] INFO  o.e.m.c.i.embedder.EclipseLogger - skip non existing resourceDirectory /home/rafaeldsa/Roteiros/R01-01-Rot-SimpleSorting-Simultaneous-Bubble-environment/src/main/resources
2018-09-06 15:31:36,097 [Worker-27: Building workspace] WARN  o.e.m.c.i.embedder.EclipseLogger - Using platform encoding (UTF-8 actually) to copy filtered resources, i.e. build is platform dependent!
2018-09-06 15:31:36,099 [Worker-27: Building workspace] INFO  o.e.m.c.i.embedder.EclipseLogger - skip non existing resourceDirectory /home/rafaeldsa/Roteiros/R01-01-Rot-SimpleSorting-Simultaneous-Bubble-environment/src/test/resources
2018-09-06 15:31:55,853 [Worker-27: Building workspace] WARN  o.e.m.c.i.embedder.EclipseLogger - Using platform encoding (UTF-8 actually) to copy filtered resources, i.e. build is platform dependent!
2018-09-06 15:31:55,856 [Worker-27: Building workspace] INFO  o.e.m.c.i.embedder.EclipseLogger - skip non existing resourceDirectory /home/rafaeldsa/Roteiros/R01-01-Rot-SimpleSorting-Simultaneous-Bubble-environment/src/main/resources
2018-09-06 15:31:55,859 [Worker-27: Building workspace] WARN  o.e.m.c.i.embedder.EclipseLogger - Using platform encoding (UTF-8 actually) to copy filtered resources, i.e. build is platform dependent!
2018-09-06 15:31:55,862 [Worker-27: Building workspace] INFO  o.e.m.c.i.embedder.EclipseLogger - skip non existing resourceDirectory /home/rafaeldsa/Roteiros/R01-01-Rot-SimpleSorting-Simultaneous-Bubble-environment/src/test/resources
2018-09-06 15:32:07,334 [Worker-27: Building workspace] WARN  o.e.m.c.i.embedder.EclipseLogger - Using platform encoding (UTF-8 actually) to copy filtered resources, i.e. build is platform dependent!
2018-09-06 15:32:07,336 [Worker-27: Building workspace] INFO  o.e.m.c.i.embedder.EclipseLogger - skip non existing resourceDirectory /home/rafaeldsa/Roteiros/R01-01-Rot-SimpleSorting-Simultaneous-Bubble-environment/src/main/resources
2018-09-06 15:32:07,338 [Worker-27: Building workspace] WARN  o.e.m.c.i.embedder.EclipseLogger - Using platform encoding (UTF-8 actually) to copy filtered resources, i.e. build is platform dependent!
2018-09-06 15:32:07,340 [Worker-27: Building workspace] INFO  o.e.m.c.i.embedder.EclipseLogger - skip non existing resourceDirectory /home/rafaeldsa/Roteiros/R01-01-Rot-SimpleSorting-Simultaneous-Bubble-environment/src/test/resources
2018-09-06 15:33:28,403 [Worker-22: Building workspace] WARN  o.e.m.c.i.embedder.EclipseLogger - Using platform encoding (UTF-8 actually) to copy filtered resources, i.e. build is platform dependent!
2018-09-06 15:33:28,409 [Worker-22: Building workspace] INFO  o.e.m.c.i.embedder.EclipseLogger - skip non existing resourceDirectory /home/rafaeldsa/Roteiros/R01-01-Rot-SimpleSorting-Simultaneous-Bubble-environment/src/main/resources
2018-09-06 15:33:28,411 [Worker-22: Building workspace] WARN  o.e.m.c.i.embedder.EclipseLogger - Using platform encoding (UTF-8 actually) to copy filtered resources, i.e. build is platform dependent!
2018-09-06 15:33:28,415 [Worker-22: Building workspace] INFO  o.e.m.c.i.embedder.EclipseLogger - skip non existing resourceDirectory /home/rafaeldsa/Roteiros/R01-01-Rot-SimpleSorting-Simultaneous-Bubble-environment/src/test/resources
2018-09-06 15:37:53,270 [Worker-22: Building workspace] WARN  o.e.m.c.i.embedder.EclipseLogger - Using platform encoding (UTF-8 actually) to copy filtered resources, i.e. build is platform dependent!
2018-09-06 15:37:53,273 [Worker-22: Building workspace] INFO  o.e.m.c.i.embedder.EclipseLogger - skip non existing resourceDirectory /home/rafaeldsa/Roteiros/R01-01-Rot-SimpleSorting-Simultaneous-Bubble-environment/src/main/resources
2018-09-06 15:37:53,274 [Worker-22: Building workspace] WARN  o.e.m.c.i.embedder.EclipseLogger - Using platform encoding (UTF-8 actually) to copy filtered resources, i.e. build is platform dependent!
2018-09-06 15:37:53,279 [Worker-22: Building workspace] INFO  o.e.m.c.i.embedder.EclipseLogger - skip non existing resourceDirectory /home/rafaeldsa/Roteiros/R01-01-Rot-SimpleSorting-Simultaneous-Bubble-environment/src/test/resources
2018-09-06 15:38:04,637 [Worker-30: Building workspace] WARN  o.e.m.c.i.embedder.EclipseLogger - Using platform encoding (UTF-8 actually) to copy filtered resources, i.e. build is platform dependent!
2018-09-06 15:38:04,639 [Worker-30: Building workspace] INFO  o.e.m.c.i.embedder.EclipseLogger - skip non existing resourceDirectory /home/rafaeldsa/Roteiros/R01-01-Rot-SimpleSorting-Simultaneous-Bubble-environment/src/main/resources
2018-09-06 15:38:04,642 [Worker-30: Building workspace] WARN  o.e.m.c.i.embedder.EclipseLogger - Using platform encoding (UTF-8 actually) to copy filtered resources, i.e. build is platform dependent!
2018-09-06 15:38:04,643 [Worker-30: Building workspace] INFO  o.e.m.c.i.embedder.EclipseLogger - skip non existing resourceDirectory /home/rafaeldsa/Roteiros/R01-01-Rot-SimpleSorting-Simultaneous-Bubble-environment/src/test/resources
2018-09-06 15:39:09,967 [Worker-31: Building workspace] WARN  o.e.m.c.i.embedder.EclipseLogger - Using platform encoding (UTF-8 actually) to copy filtered resources, i.e. build is platform dependent!
2018-09-06 15:39:09,970 [Worker-31: Building workspace] INFO  o.e.m.c.i.embedder.EclipseLogger - skip non existing resourceDirectory /home/rafaeldsa/Roteiros/R01-01-Rot-SimpleSorting-Simultaneous-Bubble-environment/src/main/resources
2018-09-06 15:39:09,972 [Worker-31: Building workspace] WARN  o.e.m.c.i.embedder.EclipseLogger - Using platform encoding (UTF-8 actually) to copy filtered resources, i.e. build is platform dependent!
2018-09-06 15:39:09,975 [Worker-31: Building workspace] INFO  o.e.m.c.i.embedder.EclipseLogger - skip non existing resourceDirectory /home/rafaeldsa/Roteiros/R01-01-Rot-SimpleSorting-Simultaneous-Bubble-environment/src/test/resources
2018-09-06 15:41:17,633 [Worker-28: Building workspace] WARN  o.e.m.c.i.embedder.EclipseLogger - Using platform encoding (UTF-8 actually) to copy filtered resources, i.e. build is platform dependent!
2018-09-06 15:41:17,636 [Worker-28: Building workspace] INFO  o.e.m.c.i.embedder.EclipseLogger - skip non existing resourceDirectory /home/rafaeldsa/Roteiros/R01-01-Rot-SimpleSorting-Simultaneous-Bubble-environment/src/main/resources
2018-09-06 15:41:17,638 [Worker-28: Building workspace] WARN  o.e.m.c.i.embedder.EclipseLogger - Using platform encoding (UTF-8 actually) to copy filtered resources, i.e. build is platform dependent!
2018-09-06 15:41:17,640 [Worker-28: Building workspace] INFO  o.e.m.c.i.embedder.EclipseLogger - skip non existing resourceDirectory /home/rafaeldsa/Roteiros/R01-01-Rot-SimpleSorting-Simultaneous-Bubble-environment/src/test/resources
2018-09-06 15:41:30,896 [Worker-30: Building workspace] WARN  o.e.m.c.i.embedder.EclipseLogger - Using platform encoding (UTF-8 actually) to copy filtered resources, i.e. build is platform dependent!
2018-09-06 15:41:30,898 [Worker-30: Building workspace] INFO  o.e.m.c.i.embedder.EclipseLogger - skip non existing resourceDirectory /home/rafaeldsa/Roteiros/R01-01-Rot-SimpleSorting-Simultaneous-Bubble-environment/src/main/resources
2018-09-06 15:41:30,900 [Worker-30: Building workspace] WARN  o.e.m.c.i.embedder.EclipseLogger - Using platform encoding (UTF-8 actually) to copy filtered resources, i.e. build is platform dependent!
2018-09-06 15:41:30,901 [Worker-30: Building workspace] INFO  o.e.m.c.i.embedder.EclipseLogger - skip non existing resourceDirectory /home/rafaeldsa/Roteiros/R01-01-Rot-SimpleSorting-Simultaneous-Bubble-environment/src/test/resources
2018-09-06 15:41:35,302 [Worker-29: Building workspace] WARN  o.e.m.c.i.embedder.EclipseLogger - Using platform encoding (UTF-8 actually) to copy filtered resources, i.e. build is platform dependent!
2018-09-06 15:41:35,304 [Worker-29: Building workspace] INFO  o.e.m.c.i.embedder.EclipseLogger - skip non existing resourceDirectory /home/rafaeldsa/Roteiros/R01-01-Rot-SimpleSorting-Simultaneous-Bubble-environment/src/main/resources
2018-09-06 15:41:35,306 [Worker-29: Building workspace] WARN  o.e.m.c.i.embedder.EclipseLogger - Using platform encoding (UTF-8 actually) to copy filtered resources, i.e. build is platform dependent!
2018-09-06 15:41:35,308 [Worker-29: Building workspace] INFO  o.e.m.c.i.embedder.EclipseLogger - skip non existing resourceDirectory /home/rafaeldsa/Roteiros/R01-01-Rot-SimpleSorting-Simultaneous-Bubble-environment/src/test/resources
2018-09-06 15:44:29,064 [Worker-28: Building workspace] WARN  o.e.m.c.i.embedder.EclipseLogger - Using platform encoding (UTF-8 actually) to copy filtered resources, i.e. build is platform dependent!
2018-09-06 15:44:29,067 [Worker-28: Building workspace] INFO  o.e.m.c.i.embedder.EclipseLogger - skip non existing resourceDirectory /home/rafaeldsa/Roteiros/R01-01-Rot-SimpleSorting-Simultaneous-Bubble-environment/src/main/resources
2018-09-06 15:44:29,069 [Worker-28: Building workspace] WARN  o.e.m.c.i.embedder.EclipseLogger - Using platform encoding (UTF-8 actually) to copy filtered resources, i.e. build is platform dependent!
2018-09-06 15:44:29,071 [Worker-28: Building workspace] INFO  o.e.m.c.i.embedder.EclipseLogger - skip non existing resourceDirectory /home/rafaeldsa/Roteiros/R01-01-Rot-SimpleSorting-Simultaneous-Bubble-environment/src/test/resources
2018-09-06 15:44:34,936 [Worker-28: Building workspace] WARN  o.e.m.c.i.embedder.EclipseLogger - Using platform encoding (UTF-8 actually) to copy filtered resources, i.e. build is platform dependent!
2018-09-06 15:44:34,938 [Worker-28: Building workspace] INFO  o.e.m.c.i.embedder.EclipseLogger - skip non existing resourceDirectory /home/rafaeldsa/Roteiros/R01-01-Rot-SimpleSorting-Simultaneous-Bubble-environment/src/main/resources
2018-09-06 15:44:34,941 [Worker-28: Building workspace] WARN  o.e.m.c.i.embedder.EclipseLogger - Using platform encoding (UTF-8 actually) to copy filtered resources, i.e. build is platform dependent!
2018-09-06 15:44:34,943 [Worker-28: Building workspace] INFO  o.e.m.c.i.embedder.EclipseLogger - skip non existing resourceDirectory /home/rafaeldsa/Roteiros/R01-01-Rot-SimpleSorting-Simultaneous-Bubble-environment/src/test/resources
2018-09-06 15:44:38,478 [Worker-32: Building workspace] WARN  o.e.m.c.i.embedder.EclipseLogger - Using platform encoding (UTF-8 actually) to copy filtered resources, i.e. build is platform dependent!
2018-09-06 15:44:38,480 [Worker-32: Building workspace] INFO  o.e.m.c.i.embedder.EclipseLogger - skip non existing resourceDirectory /home/rafaeldsa/Roteiros/R01-01-Rot-SimpleSorting-Simultaneous-Bubble-environment/src/main/resources
2018-09-06 15:44:38,482 [Worker-32: Building workspace] WARN  o.e.m.c.i.embedder.EclipseLogger - Using platform encoding (UTF-8 actually) to copy filtered resources, i.e. build is platform dependent!
2018-09-06 15:44:38,483 [Worker-32: Building workspace] INFO  o.e.m.c.i.embedder.EclipseLogger - skip non existing resourceDirectory /home/rafaeldsa/Roteiros/R01-01-Rot-SimpleSorting-Simultaneous-Bubble-environment/src/test/resources
2018-09-06 15:44:55,295 [Worker-29: Building workspace] WARN  o.e.m.c.i.embedder.EclipseLogger - Using platform encoding (UTF-8 actually) to copy filtered resources, i.e. build is platform dependent!
2018-09-06 15:44:55,298 [Worker-29: Building workspace] INFO  o.e.m.c.i.embedder.EclipseLogger - skip non existing resourceDirectory /home/rafaeldsa/Roteiros/R01-01-Rot-SimpleSorting-Simultaneous-Bubble-environment/src/main/resources
2018-09-06 15:44:55,300 [Worker-29: Building workspace] WARN  o.e.m.c.i.embedder.EclipseLogger - Using platform encoding (UTF-8 actually) to copy filtered resources, i.e. build is platform dependent!
2018-09-06 15:44:55,302 [Worker-29: Building workspace] INFO  o.e.m.c.i.embedder.EclipseLogger - skip non existing resourceDirectory /home/rafaeldsa/Roteiros/R01-01-Rot-SimpleSorting-Simultaneous-Bubble-environment/src/test/resources
2018-09-06 15:45:03,362 [Worker-30: Building workspace] WARN  o.e.m.c.i.embedder.EclipseLogger - Using platform encoding (UTF-8 actually) to copy filtered resources, i.e. build is platform dependent!
2018-09-06 15:45:03,364 [Worker-30: Building workspace] INFO  o.e.m.c.i.embedder.EclipseLogger - skip non existing resourceDirectory /home/rafaeldsa/Roteiros/R01-01-Rot-SimpleSorting-Simultaneous-Bubble-environment/src/main/resources
2018-09-06 15:45:03,367 [Worker-30: Building workspace] WARN  o.e.m.c.i.embedder.EclipseLogger - Using platform encoding (UTF-8 actually) to copy filtered resources, i.e. build is platform dependent!
2018-09-06 15:45:03,369 [Worker-30: Building workspace] INFO  o.e.m.c.i.embedder.EclipseLogger - skip non existing resourceDirectory /home/rafaeldsa/Roteiros/R01-01-Rot-SimpleSorting-Simultaneous-Bubble-environment/src/test/resources
2018-09-06 15:45:46,606 [Worker-22: Building workspace] WARN  o.e.m.c.i.embedder.EclipseLogger - Using platform encoding (UTF-8 actually) to copy filtered resources, i.e. build is platform dependent!
2018-09-06 15:45:46,609 [Worker-22: Building workspace] INFO  o.e.m.c.i.embedder.EclipseLogger - skip non existing resourceDirectory /home/rafaeldsa/Roteiros/R01-01-Rot-SimpleSorting-Simultaneous-Bubble-environment/src/main/resources
2018-09-06 15:45:46,612 [Worker-22: Building workspace] WARN  o.e.m.c.i.embedder.EclipseLogger - Using platform encoding (UTF-8 actually) to copy filtered resources, i.e. build is platform dependent!
2018-09-06 15:45:46,614 [Worker-22: Building workspace] INFO  o.e.m.c.i.embedder.EclipseLogger - skip non existing resourceDirectory /home/rafaeldsa/Roteiros/R01-01-Rot-SimpleSorting-Simultaneous-Bubble-environment/src/test/resources
2018-09-06 15:46:02,277 [Worker-28: Building workspace] WARN  o.e.m.c.i.embedder.EclipseLogger - Using platform encoding (UTF-8 actually) to copy filtered resources, i.e. build is platform dependent!
2018-09-06 15:46:02,279 [Worker-28: Building workspace] INFO  o.e.m.c.i.embedder.EclipseLogger - skip non existing resourceDirectory /home/rafaeldsa/Roteiros/R01-01-Rot-SimpleSorting-Simultaneous-Bubble-environment/src/main/resources
2018-09-06 15:46:02,281 [Worker-28: Building workspace] WARN  o.e.m.c.i.embedder.EclipseLogger - Using platform encoding (UTF-8 actually) to copy filtered resources, i.e. build is platform dependent!
2018-09-06 15:46:02,283 [Worker-28: Building workspace] INFO  o.e.m.c.i.embedder.EclipseLogger - skip non existing resourceDirectory /home/rafaeldsa/Roteiros/R01-01-Rot-SimpleSorting-Simultaneous-Bubble-environment/src/test/resources
2018-09-06 15:46:13,234 [Worker-30: Building workspace] WARN  o.e.m.c.i.embedder.EclipseLogger - Using platform encoding (UTF-8 actually) to copy filtered resources, i.e. build is platform dependent!
2018-09-06 15:46:13,237 [Worker-30: Building workspace] INFO  o.e.m.c.i.embedder.EclipseLogger - skip non existing resourceDirectory /home/rafaeldsa/Roteiros/R01-01-Rot-SimpleSorting-Simultaneous-Bubble-environment/src/main/resources
2018-09-06 15:46:13,239 [Worker-30: Building workspace] WARN  o.e.m.c.i.embedder.EclipseLogger - Using platform encoding (UTF-8 actually) to copy filtered resources, i.e. build is platform dependent!
2018-09-06 15:46:13,241 [Worker-30: Building workspace] INFO  o.e.m.c.i.embedder.EclipseLogger - skip non existing resourceDirectory /home/rafaeldsa/Roteiros/R01-01-Rot-SimpleSorting-Simultaneous-Bubble-environment/src/test/resources
2018-09-06 15:46:15,967 [Worker-32: Building workspace] WARN  o.e.m.c.i.embedder.EclipseLogger - Using platform encoding (UTF-8 actually) to copy filtered resources, i.e. build is platform dependent!
2018-09-06 15:46:15,969 [Worker-32: Building workspace] INFO  o.e.m.c.i.embedder.EclipseLogger - skip non existing resourceDirectory /home/rafaeldsa/Roteiros/R01-01-Rot-SimpleSorting-Simultaneous-Bubble-environment/src/main/resources
2018-09-06 15:46:15,971 [Worker-32: Building workspace] WARN  o.e.m.c.i.embedder.EclipseLogger - Using platform encoding (UTF-8 actually) to copy filtered resources, i.e. build is platform dependent!
2018-09-06 15:46:15,973 [Worker-32: Building workspace] INFO  o.e.m.c.i.embedder.EclipseLogger - skip non existing resourceDirectory /home/rafaeldsa/Roteiros/R01-01-Rot-SimpleSorting-Simultaneous-Bubble-environment/src/test/resources
2018-09-06 15:46:19,338 [Worker-32: Building workspace] WARN  o.e.m.c.i.embedder.EclipseLogger - Using platform encoding (UTF-8 actually) to copy filtered resources, i.e. build is platform dependent!
2018-09-06 15:46:19,341 [Worker-32: Building workspace] INFO  o.e.m.c.i.embedder.EclipseLogger - skip non existing resourceDirectory /home/rafaeldsa/Roteiros/R01-01-Rot-SimpleSorting-Simultaneous-Bubble-environment/src/main/resources
2018-09-06 15:46:19,344 [Worker-32: Building workspace] WARN  o.e.m.c.i.embedder.EclipseLogger - Using platform encoding (UTF-8 actually) to copy filtered resources, i.e. build is platform dependent!
2018-09-06 15:46:19,346 [Worker-32: Building workspace] INFO  o.e.m.c.i.embedder.EclipseLogger - skip non existing resourceDirectory /home/rafaeldsa/Roteiros/R01-01-Rot-SimpleSorting-Simultaneous-Bubble-environment/src/test/resources
2018-09-06 15:46:47,653 [Worker-28: Building workspace] WARN  o.e.m.c.i.embedder.EclipseLogger - Using platform encoding (UTF-8 actually) to copy filtered resources, i.e. build is platform dependent!
2018-09-06 15:46:47,656 [Worker-28: Building workspace] INFO  o.e.m.c.i.embedder.EclipseLogger - skip non existing resourceDirectory /home/rafaeldsa/Roteiros/R01-01-Rot-SimpleSorting-Simultaneous-Bubble-environment/src/main/resources
2018-09-06 15:46:47,657 [Worker-28: Building workspace] WARN  o.e.m.c.i.embedder.EclipseLogger - Using platform encoding (UTF-8 actually) to copy filtered resources, i.e. build is platform dependent!
2018-09-06 15:46:47,659 [Worker-28: Building workspace] INFO  o.e.m.c.i.embedder.EclipseLogger - skip non existing resourceDirectory /home/rafaeldsa/Roteiros/R01-01-Rot-SimpleSorting-Simultaneous-Bubble-environment/src/test/resources
2018-09-06 15:49:57,331 [Worker-0: Loading available Gradle versions] INFO  c.g.t.t.d.PublishedGradleVersions - Gradle version information cache is up-to-date. Trying to read.
2018-09-06 15:50:03,956 [Worker-7: Building workspace] WARN  o.e.m.c.i.embedder.EclipseLogger - Using platform encoding (UTF-8 actually) to copy filtered resources, i.e. build is platform dependent!
2018-09-06 15:50:03,973 [Worker-7: Building workspace] INFO  o.e.m.c.i.embedder.EclipseLogger - skip non existing resourceDirectory /home/rafaeldsa/Roteiros/R01-01-Rot-SimpleSorting-Simultaneous-Bubble-environment/src/main/resources
2018-09-06 15:50:03,979 [Worker-7: Building workspace] WARN  o.e.m.c.i.embedder.EclipseLogger - Using platform encoding (UTF-8 actually) to copy filtered resources, i.e. build is platform dependent!
2018-09-06 15:50:03,982 [Worker-7: Building workspace] INFO  o.e.m.c.i.embedder.EclipseLogger - skip non existing resourceDirectory /home/rafaeldsa/Roteiros/R01-01-Rot-SimpleSorting-Simultaneous-Bubble-environment/src/test/resources
2018-09-06 15:50:22,066 [main] INFO  o.e.m2e.actions.ExecutePomAction - Creating new launch configuration
2018-09-06 15:50:29,964 [Worker-9: Launching R01-01-Rot-SimpleSorting-Simultaneous-Bubble-environment (1)] INFO  o.e.m.i.launch.MavenLaunchDelegate - /home/rafaeldsa/Roteiros/R01-01-Rot-SimpleSorting-Simultaneous-Bubble-environment
2018-09-06 15:50:29,982 [Worker-9: Launching R01-01-Rot-SimpleSorting-Simultaneous-Bubble-environment (1)] INFO  o.e.m.i.launch.MavenLaunchDelegate -  mvn -B -Dmaven.test.skip=true -DskipTests install
2018-09-10 16:02:37,731 [Worker-1: Loading available Gradle versions] INFO  c.g.t.t.d.PublishedGradleVersions - Gradle version information cache is out-of-date. Trying to update.
2018-09-10 16:02:44,294 [Worker-5: Building workspace] WARN  o.e.m.c.i.embedder.EclipseLogger - Using platform encoding (UTF-8 actually) to copy filtered resources, i.e. build is platform dependent!
2018-09-10 16:02:44,314 [Worker-5: Building workspace] INFO  o.e.m.c.i.embedder.EclipseLogger - skip non existing resourceDirectory /home/rafaeldsa/Roteiros/R01-01-Rot-SimpleSorting-Simultaneous-Bubble-environment/src/main/resources
2018-09-10 16:02:44,318 [Worker-5: Building workspace] WARN  o.e.m.c.i.embedder.EclipseLogger - Using platform encoding (UTF-8 actually) to copy filtered resources, i.e. build is platform dependent!
2018-09-10 16:02:44,767 [Worker-5: Building workspace] INFO  o.e.m.c.i.embedder.EclipseLogger - skip non existing resourceDirectory /home/rafaeldsa/Roteiros/R01-01-Rot-SimpleSorting-Simultaneous-Bubble-environment/src/test/resources
